mode: set
github.com/davidroman0O/gostage/proto/workflow_ipc.pb.go:50.42,54.2 3 0
github.com/davidroman0O/gostage/proto/workflow_ipc.pb.go:56.38,58.2 1 0
github.com/davidroman0O/gostage/proto/workflow_ipc.pb.go:60.61,62.2 1 0
github.com/davidroman0O/gostage/proto/workflow_ipc.pb.go:64.49,66.2 1 0
github.com/davidroman0O/gostage/proto/workflow_ipc.pb.go:68.55,70.2 1 0
github.com/davidroman0O/gostage/proto/workflow_ipc.pb.go:73.53,75.2 1 0
github.com/davidroman0O/gostage/proto/workflow_ipc.pb.go:93.34,98.2 4 0
github.com/davidroman0O/gostage/proto/workflow_ipc.pb.go:100.42,102.2 1 0
github.com/davidroman0O/gostage/proto/workflow_ipc.pb.go:104.40,104.41 0 0
github.com/davidroman0O/gostage/proto/workflow_ipc.pb.go:106.62,108.14 2 0
github.com/davidroman0O/gostage/proto/workflow_ipc.pb.go:108.14,110.34 2 0
github.com/davidroman0O/gostage/proto/workflow_ipc.pb.go:110.34,112.4 1 0
github.com/davidroman0O/gostage/proto/workflow_ipc.pb.go:113.3,113.12 1 0
github.com/davidroman0O/gostage/proto/workflow_ipc.pb.go:115.2,115.24 1 0
github.com/davidroman0O/gostage/proto/workflow_ipc.pb.go:119.53,121.2 1 0
github.com/davidroman0O/gostage/proto/workflow_ipc.pb.go:123.49,124.14 1 0
github.com/davidroman0O/gostage/proto/workflow_ipc.pb.go:124.14,126.3 1 0
github.com/davidroman0O/gostage/proto/workflow_ipc.pb.go:127.2,127.11 1 0
github.com/davidroman0O/gostage/proto/workflow_ipc.pb.go:130.46,131.14 1 0
github.com/davidroman0O/gostage/proto/workflow_ipc.pb.go:131.14,133.3 1 0
github.com/davidroman0O/gostage/proto/workflow_ipc.pb.go:134.2,134.11 1 0
github.com/davidroman0O/gostage/proto/workflow_ipc.pb.go:137.49,138.14 1 0
github.com/davidroman0O/gostage/proto/workflow_ipc.pb.go:138.14,140.3 1 0
github.com/davidroman0O/gostage/proto/workflow_ipc.pb.go:141.2,141.11 1 0
github.com/davidroman0O/gostage/proto/workflow_ipc.pb.go:144.47,145.14 1 0
github.com/davidroman0O/gostage/proto/workflow_ipc.pb.go:145.14,147.3 1 0
github.com/davidroman0O/gostage/proto/workflow_ipc.pb.go:148.2,148.10 1 0
github.com/davidroman0O/gostage/proto/workflow_ipc.pb.go:151.51,152.14 1 0
github.com/davidroman0O/gostage/proto/workflow_ipc.pb.go:152.14,154.3 1 0
github.com/davidroman0O/gostage/proto/workflow_ipc.pb.go:155.2,155.14 1 0
github.com/davidroman0O/gostage/proto/workflow_ipc.pb.go:158.49,159.14 1 0
github.com/davidroman0O/gostage/proto/workflow_ipc.pb.go:159.14,161.3 1 0
github.com/davidroman0O/gostage/proto/workflow_ipc.pb.go:162.2,162.10 1 0
github.com/davidroman0O/gostage/proto/workflow_ipc.pb.go:165.49,166.14 1 0
github.com/davidroman0O/gostage/proto/workflow_ipc.pb.go:166.14,168.3 1 0
github.com/davidroman0O/gostage/proto/workflow_ipc.pb.go:169.2,169.14 1 0
github.com/davidroman0O/gostage/proto/workflow_ipc.pb.go:172.48,173.14 1 0
github.com/davidroman0O/gostage/proto/workflow_ipc.pb.go:173.14,175.3 1 0
github.com/davidroman0O/gostage/proto/workflow_ipc.pb.go:176.2,176.11 1 0
github.com/davidroman0O/gostage/proto/workflow_ipc.pb.go:179.52,180.14 1 0
github.com/davidroman0O/gostage/proto/workflow_ipc.pb.go:180.14,182.3 1 0
github.com/davidroman0O/gostage/proto/workflow_ipc.pb.go:183.2,183.10 1 0
github.com/davidroman0O/gostage/proto/workflow_ipc.pb.go:203.30,208.2 4 0
github.com/davidroman0O/gostage/proto/workflow_ipc.pb.go:210.38,212.2 1 0
github.com/davidroman0O/gostage/proto/workflow_ipc.pb.go:214.36,214.37 0 0
github.com/davidroman0O/gostage/proto/workflow_ipc.pb.go:216.58,218.14 2 0
github.com/davidroman0O/gostage/proto/workflow_ipc.pb.go:218.14,220.34 2 0
github.com/davidroman0O/gostage/proto/workflow_ipc.pb.go:220.34,222.4 1 0
github.com/davidroman0O/gostage/proto/workflow_ipc.pb.go:223.3,223.12 1 0
github.com/davidroman0O/gostage/proto/workflow_ipc.pb.go:225.2,225.24 1 0
github.com/davidroman0O/gostage/proto/workflow_ipc.pb.go:229.49,231.2 1 0
github.com/davidroman0O/gostage/proto/workflow_ipc.pb.go:233.44,234.14 1 0
github.com/davidroman0O/gostage/proto/workflow_ipc.pb.go:234.14,236.3 1 0
github.com/davidroman0O/gostage/proto/workflow_ipc.pb.go:237.2,237.45 1 0
github.com/davidroman0O/gostage/proto/workflow_ipc.pb.go:240.56,241.14 1 0
github.com/davidroman0O/gostage/proto/workflow_ipc.pb.go:241.14,243.3 1 0
github.com/davidroman0O/gostage/proto/workflow_ipc.pb.go:244.2,244.12 1 0
github.com/davidroman0O/gostage/proto/workflow_ipc.pb.go:247.53,248.14 1 0
github.com/davidroman0O/gostage/proto/workflow_ipc.pb.go:248.14,249.52 1 0
github.com/davidroman0O/gostage/proto/workflow_ipc.pb.go:249.52,251.4 1 0
github.com/davidroman0O/gostage/proto/workflow_ipc.pb.go:253.2,253.12 1 0
github.com/davidroman0O/gostage/proto/workflow_ipc.pb.go:256.65,257.14 1 0
github.com/davidroman0O/gostage/proto/workflow_ipc.pb.go:257.14,258.58 1 0
github.com/davidroman0O/gostage/proto/workflow_ipc.pb.go:258.58,260.4 1 0
github.com/davidroman0O/gostage/proto/workflow_ipc.pb.go:262.2,262.12 1 0
github.com/davidroman0O/gostage/proto/workflow_ipc.pb.go:265.57,266.14 1 0
github.com/davidroman0O/gostage/proto/workflow_ipc.pb.go:266.14,267.54 1 0
github.com/davidroman0O/gostage/proto/workflow_ipc.pb.go:267.54,269.4 1 0
github.com/davidroman0O/gostage/proto/workflow_ipc.pb.go:271.2,271.12 1 0
github.com/davidroman0O/gostage/proto/workflow_ipc.pb.go:274.44,275.14 1 0
github.com/davidroman0O/gostage/proto/workflow_ipc.pb.go:275.14,277.3 1 0
github.com/davidroman0O/gostage/proto/workflow_ipc.pb.go:278.2,278.11 1 0
github.com/davidroman0O/gostage/proto/workflow_ipc.pb.go:281.43,282.14 1 0
github.com/davidroman0O/gostage/proto/workflow_ipc.pb.go:282.14,284.3 1 0
github.com/davidroman0O/gostage/proto/workflow_ipc.pb.go:285.2,285.10 1 0
github.com/davidroman0O/gostage/proto/workflow_ipc.pb.go:288.51,289.14 1 0
github.com/davidroman0O/gostage/proto/workflow_ipc.pb.go:289.14,291.3 1 0
github.com/davidroman0O/gostage/proto/workflow_ipc.pb.go:292.2,292.12 1 0
github.com/davidroman0O/gostage/proto/workflow_ipc.pb.go:311.53,311.54 0 0
github.com/davidroman0O/gostage/proto/workflow_ipc.pb.go:313.59,313.60 0 0
github.com/davidroman0O/gostage/proto/workflow_ipc.pb.go:315.55,315.56 0 0
github.com/davidroman0O/gostage/proto/workflow_ipc.pb.go:327.35,332.2 4 0
github.com/davidroman0O/gostage/proto/workflow_ipc.pb.go:334.43,336.2 1 0
github.com/davidroman0O/gostage/proto/workflow_ipc.pb.go:338.41,338.42 0 0
github.com/davidroman0O/gostage/proto/workflow_ipc.pb.go:340.63,342.14 2 0
github.com/davidroman0O/gostage/proto/workflow_ipc.pb.go:342.14,344.34 2 0
github.com/davidroman0O/gostage/proto/workflow_ipc.pb.go:344.34,346.4 1 0
github.com/davidroman0O/gostage/proto/workflow_ipc.pb.go:347.3,347.12 1 0
github.com/davidroman0O/gostage/proto/workflow_ipc.pb.go:349.2,349.24 1 0
github.com/davidroman0O/gostage/proto/workflow_ipc.pb.go:353.54,355.2 1 0
github.com/davidroman0O/gostage/proto/workflow_ipc.pb.go:357.43,358.14 1 0
github.com/davidroman0O/gostage/proto/workflow_ipc.pb.go:358.14,360.3 1 0
github.com/davidroman0O/gostage/proto/workflow_ipc.pb.go:361.2,361.11 1 0
github.com/davidroman0O/gostage/proto/workflow_ipc.pb.go:364.45,365.14 1 0
github.com/davidroman0O/gostage/proto/workflow_ipc.pb.go:365.14,367.3 1 0
github.com/davidroman0O/gostage/proto/workflow_ipc.pb.go:368.2,368.12 1 0
github.com/davidroman0O/gostage/proto/workflow_ipc.pb.go:371.49,372.14 1 0
github.com/davidroman0O/gostage/proto/workflow_ipc.pb.go:372.14,374.3 1 0
github.com/davidroman0O/gostage/proto/workflow_ipc.pb.go:375.2,375.11 1 0
github.com/davidroman0O/gostage/proto/workflow_ipc.pb.go:389.41,394.2 4 0
github.com/davidroman0O/gostage/proto/workflow_ipc.pb.go:396.49,398.2 1 0
github.com/davidroman0O/gostage/proto/workflow_ipc.pb.go:400.47,400.48 0 0
github.com/davidroman0O/gostage/proto/workflow_ipc.pb.go:402.69,404.14 2 0
github.com/davidroman0O/gostage/proto/workflow_ipc.pb.go:404.14,406.34 2 0
github.com/davidroman0O/gostage/proto/workflow_ipc.pb.go:406.34,408.4 1 0
github.com/davidroman0O/gostage/proto/workflow_ipc.pb.go:409.3,409.12 1 0
github.com/davidroman0O/gostage/proto/workflow_ipc.pb.go:411.2,411.24 1 0
github.com/davidroman0O/gostage/proto/workflow_ipc.pb.go:415.60,417.2 1 0
github.com/davidroman0O/gostage/proto/workflow_ipc.pb.go:419.56,420.14 1 0
github.com/davidroman0O/gostage/proto/workflow_ipc.pb.go:420.14,422.3 1 0
github.com/davidroman0O/gostage/proto/workflow_ipc.pb.go:423.2,423.11 1 0
github.com/davidroman0O/gostage/proto/workflow_ipc.pb.go:426.51,427.14 1 0
github.com/davidroman0O/gostage/proto/workflow_ipc.pb.go:427.14,429.3 1 0
github.com/davidroman0O/gostage/proto/workflow_ipc.pb.go:430.2,430.14 1 0
github.com/davidroman0O/gostage/proto/workflow_ipc.pb.go:433.58,434.14 1 0
github.com/davidroman0O/gostage/proto/workflow_ipc.pb.go:434.14,436.3 1 0
github.com/davidroman0O/gostage/proto/workflow_ipc.pb.go:437.2,437.11 1 0
github.com/davidroman0O/gostage/proto/workflow_ipc.pb.go:440.60,441.14 1 0
github.com/davidroman0O/gostage/proto/workflow_ipc.pb.go:441.14,443.3 1 0
github.com/davidroman0O/gostage/proto/workflow_ipc.pb.go:444.2,444.10 1 0
github.com/davidroman0O/gostage/proto/workflow_ipc.pb.go:456.37,461.2 4 0
github.com/davidroman0O/gostage/proto/workflow_ipc.pb.go:463.45,465.2 1 0
github.com/davidroman0O/gostage/proto/workflow_ipc.pb.go:467.43,467.44 0 0
github.com/davidroman0O/gostage/proto/workflow_ipc.pb.go:469.65,471.14 2 0
github.com/davidroman0O/gostage/proto/workflow_ipc.pb.go:471.14,473.34 2 0
github.com/davidroman0O/gostage/proto/workflow_ipc.pb.go:473.34,475.4 1 0
github.com/davidroman0O/gostage/proto/workflow_ipc.pb.go:476.3,476.12 1 0
github.com/davidroman0O/gostage/proto/workflow_ipc.pb.go:478.2,478.24 1 0
github.com/davidroman0O/gostage/proto/workflow_ipc.pb.go:482.56,484.2 1 0
github.com/davidroman0O/gostage/proto/workflow_ipc.pb.go:486.62,487.14 1 0
github.com/davidroman0O/gostage/proto/workflow_ipc.pb.go:487.14,489.3 1 0
github.com/davidroman0O/gostage/proto/workflow_ipc.pb.go:490.2,490.12 1 0
github.com/davidroman0O/gostage/proto/workflow_ipc.pb.go:493.61,494.14 1 0
github.com/davidroman0O/gostage/proto/workflow_ipc.pb.go:494.14,496.3 1 0
github.com/davidroman0O/gostage/proto/workflow_ipc.pb.go:497.2,497.12 1 0
github.com/davidroman0O/gostage/proto/workflow_ipc.pb.go:510.30,515.2 4 0
github.com/davidroman0O/gostage/proto/workflow_ipc.pb.go:517.38,519.2 1 0
github.com/davidroman0O/gostage/proto/workflow_ipc.pb.go:521.36,521.37 0 0
github.com/davidroman0O/gostage/proto/workflow_ipc.pb.go:523.58,525.14 2 0
github.com/davidroman0O/gostage/proto/workflow_ipc.pb.go:525.14,527.34 2 0
github.com/davidroman0O/gostage/proto/workflow_ipc.pb.go:527.34,529.4 1 0
github.com/davidroman0O/gostage/proto/workflow_ipc.pb.go:530.3,530.12 1 0
github.com/davidroman0O/gostage/proto/workflow_ipc.pb.go:532.2,532.24 1 0
github.com/davidroman0O/gostage/proto/workflow_ipc.pb.go:536.49,538.2 1 0
github.com/davidroman0O/gostage/proto/workflow_ipc.pb.go:540.40,541.14 1 0
github.com/davidroman0O/gostage/proto/workflow_ipc.pb.go:541.14,543.3 1 0
github.com/davidroman0O/gostage/proto/workflow_ipc.pb.go:544.2,544.14 1 0
github.com/davidroman0O/gostage/proto/workflow_ipc.pb.go:547.47,548.14 1 0
github.com/davidroman0O/gostage/proto/workflow_ipc.pb.go:548.14,550.3 1 0
github.com/davidroman0O/gostage/proto/workflow_ipc.pb.go:551.2,551.11 1 0
github.com/davidroman0O/gostage/proto/workflow_ipc.pb.go:554.44,555.14 1 0
github.com/davidroman0O/gostage/proto/workflow_ipc.pb.go:555.14,557.3 1 0
github.com/davidroman0O/gostage/proto/workflow_ipc.pb.go:558.2,558.11 1 0
github.com/davidroman0O/gostage/proto/workflow_ipc.pb.go:572.38,577.2 4 0
github.com/davidroman0O/gostage/proto/workflow_ipc.pb.go:579.46,581.2 1 0
github.com/davidroman0O/gostage/proto/workflow_ipc.pb.go:583.44,583.45 0 0
github.com/davidroman0O/gostage/proto/workflow_ipc.pb.go:585.66,587.14 2 0
github.com/davidroman0O/gostage/proto/workflow_ipc.pb.go:587.14,589.34 2 0
github.com/davidroman0O/gostage/proto/workflow_ipc.pb.go:589.34,591.4 1 0
github.com/davidroman0O/gostage/proto/workflow_ipc.pb.go:592.3,592.12 1 0
github.com/davidroman0O/gostage/proto/workflow_ipc.pb.go:594.2,594.24 1 0
github.com/davidroman0O/gostage/proto/workflow_ipc.pb.go:598.57,600.2 1 0
github.com/davidroman0O/gostage/proto/workflow_ipc.pb.go:602.45,603.14 1 0
github.com/davidroman0O/gostage/proto/workflow_ipc.pb.go:603.14,605.3 1 0
github.com/davidroman0O/gostage/proto/workflow_ipc.pb.go:606.2,606.11 1 0
github.com/davidroman0O/gostage/proto/workflow_ipc.pb.go:609.47,610.14 1 0
github.com/davidroman0O/gostage/proto/workflow_ipc.pb.go:610.14,612.3 1 0
github.com/davidroman0O/gostage/proto/workflow_ipc.pb.go:613.2,613.11 1 0
github.com/davidroman0O/gostage/proto/workflow_ipc.pb.go:616.57,617.14 1 0
github.com/davidroman0O/gostage/proto/workflow_ipc.pb.go:617.14,619.3 1 0
github.com/davidroman0O/gostage/proto/workflow_ipc.pb.go:620.2,620.12 1 0
github.com/davidroman0O/gostage/proto/workflow_ipc.pb.go:623.66,624.14 1 0
github.com/davidroman0O/gostage/proto/workflow_ipc.pb.go:624.14,626.3 1 0
github.com/davidroman0O/gostage/proto/workflow_ipc.pb.go:627.2,627.12 1 0
github.com/davidroman0O/gostage/proto/workflow_ipc.pb.go:638.31,643.2 4 0
github.com/davidroman0O/gostage/proto/workflow_ipc.pb.go:645.39,647.2 1 0
github.com/davidroman0O/gostage/proto/workflow_ipc.pb.go:649.37,649.38 0 0
github.com/davidroman0O/gostage/proto/workflow_ipc.pb.go:651.59,653.14 2 0
github.com/davidroman0O/gostage/proto/workflow_ipc.pb.go:653.14,655.34 2 0
github.com/davidroman0O/gostage/proto/workflow_ipc.pb.go:655.34,657.4 1 0
github.com/davidroman0O/gostage/proto/workflow_ipc.pb.go:658.3,658.12 1 0
github.com/davidroman0O/gostage/proto/workflow_ipc.pb.go:660.2,660.24 1 0
github.com/davidroman0O/gostage/proto/workflow_ipc.pb.go:664.50,666.2 1 0
github.com/davidroman0O/gostage/proto/workflow_ipc.pb.go:668.43,669.14 1 0
github.com/davidroman0O/gostage/proto/workflow_ipc.pb.go:669.14,671.3 1 0
github.com/davidroman0O/gostage/proto/workflow_ipc.pb.go:672.2,672.11 1 0
github.com/davidroman0O/gostage/proto/workflow_ipc.pb.go:757.57,758.54 1 0
github.com/davidroman0O/gostage/proto/workflow_ipc.pb.go:758.54,760.3 1 0
github.com/davidroman0O/gostage/proto/workflow_ipc.pb.go:761.2,761.50 1 0
github.com/davidroman0O/gostage/proto/workflow_ipc.pb.go:800.13,800.53 1 0
github.com/davidroman0O/gostage/proto/workflow_ipc.pb.go:801.43,802.42 1 0
github.com/davidroman0O/gostage/proto/workflow_ipc.pb.go:802.42,804.3 1 0
github.com/davidroman0O/gostage/proto/workflow_ipc.pb.go:805.2,827.45 6 0
github.com/davidroman0O/gostage/proto/workflow_ipc_grpc.pb.go:43.74,45.2 1 0
github.com/davidroman0O/gostage/proto/workflow_ipc_grpc.pb.go:47.147,51.16 4 0
github.com/davidroman0O/gostage/proto/workflow_ipc_grpc.pb.go:51.16,53.3 1 0
github.com/davidroman0O/gostage/proto/workflow_ipc_grpc.pb.go:54.2,54.17 1 0
github.com/davidroman0O/gostage/proto/workflow_ipc_grpc.pb.go:57.124,61.16 4 0
github.com/davidroman0O/gostage/proto/workflow_ipc_grpc.pb.go:61.16,63.3 1 0
github.com/davidroman0O/gostage/proto/workflow_ipc_grpc.pb.go:64.2,64.17 1 0
github.com/davidroman0O/gostage/proto/workflow_ipc_grpc.pb.go:88.125,90.2 1 0
github.com/davidroman0O/gostage/proto/workflow_ipc_grpc.pb.go:91.102,93.2 1 0
github.com/davidroman0O/gostage/proto/workflow_ipc_grpc.pb.go:94.82,94.83 0 0
github.com/davidroman0O/gostage/proto/workflow_ipc_grpc.pb.go:95.82,95.83 0 0
github.com/davidroman0O/gostage/proto/workflow_ipc_grpc.pb.go:104.80,109.59 1 0
github.com/davidroman0O/gostage/proto/workflow_ipc_grpc.pb.go:109.59,111.3 1 0
github.com/davidroman0O/gostage/proto/workflow_ipc_grpc.pb.go:112.2,112.50 1 0
github.com/davidroman0O/gostage/proto/workflow_ipc_grpc.pb.go:115.182,117.32 2 0
github.com/davidroman0O/gostage/proto/workflow_ipc_grpc.pb.go:117.32,119.3 1 0
github.com/davidroman0O/gostage/proto/workflow_ipc_grpc.pb.go:120.2,120.24 1 0
github.com/davidroman0O/gostage/proto/workflow_ipc_grpc.pb.go:120.24,122.3 1 0
github.com/davidroman0O/gostage/proto/workflow_ipc_grpc.pb.go:123.2,127.77 2 0
github.com/davidroman0O/gostage/proto/workflow_ipc_grpc.pb.go:127.77,129.3 1 0
github.com/davidroman0O/gostage/proto/workflow_ipc_grpc.pb.go:130.2,130.44 1 0
github.com/davidroman0O/gostage/proto/workflow_ipc_grpc.pb.go:133.168,135.32 2 0
github.com/davidroman0O/gostage/proto/workflow_ipc_grpc.pb.go:135.32,137.3 1 0
github.com/davidroman0O/gostage/proto/workflow_ipc_grpc.pb.go:138.2,138.24 1 0
github.com/davidroman0O/gostage/proto/workflow_ipc_grpc.pb.go:138.24,140.3 1 0
github.com/davidroman0O/gostage/proto/workflow_ipc_grpc.pb.go:141.2,145.77 2 0
github.com/davidroman0O/gostage/proto/workflow_ipc_grpc.pb.go:145.77,147.3 1 0
github.com/davidroman0O/gostage/proto/workflow_ipc_grpc.pb.go:148.2,148.44 1 0
github.com/davidroman0O/gostage/example/main.go:21.51,23.2 1 0
github.com/davidroman0O/gostage/example/main.go:24.50,26.2 1 0
github.com/davidroman0O/gostage/example/main.go:27.50,29.2 1 0
github.com/davidroman0O/gostage/example/main.go:30.51,32.2 1 0
github.com/davidroman0O/gostage/example/main.go:34.13,38.18 1 0
github.com/davidroman0O/gostage/example/main.go:38.18,43.3 4 0
github.com/davidroman0O/gostage/example/main.go:45.2,121.46 34 0
github.com/davidroman0O/gostage/example/main.go:128.25,130.43 1 0
github.com/davidroman0O/gostage/example/main.go:130.43,133.54 3 0
github.com/davidroman0O/gostage/example/main.go:133.54,135.4 1 0
github.com/davidroman0O/gostage/example/main.go:136.3,136.13 1 0
github.com/davidroman0O/gostage/example/main.go:139.2,139.46 1 0
github.com/davidroman0O/gostage/example/main.go:139.46,141.20 2 0
github.com/davidroman0O/gostage/example/main.go:141.20,143.4 1 0
github.com/davidroman0O/gostage/example/main.go:144.3,145.56 2 0
github.com/davidroman0O/gostage/example/main.go:145.56,147.4 1 0
github.com/davidroman0O/gostage/example/main.go:148.3,148.13 1 0
github.com/davidroman0O/gostage/example/main.go:151.2,151.44 1 0
github.com/davidroman0O/gostage/example/main.go:151.44,154.54 3 0
github.com/davidroman0O/gostage/example/main.go:154.54,156.4 1 0
github.com/davidroman0O/gostage/example/main.go:157.3,157.13 1 0
github.com/davidroman0O/gostage/example/main.go:160.2,160.45 1 0
github.com/davidroman0O/gostage/example/main.go:160.45,162.55 2 0
github.com/davidroman0O/gostage/example/main.go:162.55,164.4 1 0
github.com/davidroman0O/gostage/example/main.go:165.3,165.13 1 0
github.com/davidroman0O/gostage/example/main.go:168.2,168.49 1 0
github.com/davidroman0O/gostage/example/main.go:168.49,170.55 2 0
github.com/davidroman0O/gostage/example/main.go:170.55,172.4 1 0
github.com/davidroman0O/gostage/example/main.go:173.3,173.13 1 0
github.com/davidroman0O/gostage/example/main.go:177.2,177.52 1 0
github.com/davidroman0O/gostage/example/main.go:177.52,179.56 2 0
github.com/davidroman0O/gostage/example/main.go:179.56,181.4 1 0
github.com/davidroman0O/gostage/example/main.go:182.3,182.13 1 0
github.com/davidroman0O/gostage/example/main.go:185.2,185.52 1 0
github.com/davidroman0O/gostage/example/main.go:185.52,187.56 2 0
github.com/davidroman0O/gostage/example/main.go:187.56,189.4 1 0
github.com/davidroman0O/gostage/example/main.go:190.3,190.13 1 0
github.com/davidroman0O/gostage/example/main.go:194.2,194.52 1 0
github.com/davidroman0O/gostage/example/main.go:194.52,199.3 4 0
github.com/davidroman0O/gostage/example/main.go:201.2,201.50 1 0
github.com/davidroman0O/gostage/example/main.go:201.50,204.56 3 0
github.com/davidroman0O/gostage/example/main.go:204.56,206.4 1 0
github.com/davidroman0O/gostage/example/main.go:207.3,207.13 1 0
github.com/davidroman0O/gostage/example/main.go:211.2,211.48 1 0
github.com/davidroman0O/gostage/example/main.go:211.48,215.75 4 0
github.com/davidroman0O/gostage/example/main.go:215.75,217.4 1 0
github.com/davidroman0O/gostage/example/main.go:219.3,220.13 2 0
github.com/davidroman0O/gostage/example/main.go:223.2,223.49 1 0
github.com/davidroman0O/gostage/example/main.go:223.49,226.57 3 0
github.com/davidroman0O/gostage/example/main.go:226.57,228.4 1 0
github.com/davidroman0O/gostage/example/main.go:229.3,229.13 1 0
github.com/davidroman0O/gostage/example/main.go:232.2,232.49 1 0
github.com/davidroman0O/gostage/example/main.go:232.49,235.57 3 0
github.com/davidroman0O/gostage/example/main.go:235.57,237.4 1 0
github.com/davidroman0O/gostage/example/main.go:238.3,238.13 1 0
github.com/davidroman0O/gostage/example/main.go:242.2,242.49 1 0
github.com/davidroman0O/gostage/example/main.go:242.49,244.58 2 0
github.com/davidroman0O/gostage/example/main.go:244.58,246.4 1 0
github.com/davidroman0O/gostage/example/main.go:247.3,247.17 1 0
github.com/davidroman0O/gostage/example/main.go:247.17,248.57 1 0
github.com/davidroman0O/gostage/example/main.go:248.57,250.5 1 0
github.com/davidroman0O/gostage/example/main.go:252.3,253.13 2 0
github.com/davidroman0O/gostage/example/main.go:256.2,256.48 1 0
github.com/davidroman0O/gostage/example/main.go:256.48,258.51 2 0
github.com/davidroman0O/gostage/example/main.go:258.51,260.4 1 0
github.com/davidroman0O/gostage/example/main.go:261.3,261.59 1 0
github.com/davidroman0O/gostage/example/main.go:261.59,263.4 1 0
github.com/davidroman0O/gostage/example/main.go:264.3,265.13 2 0
github.com/davidroman0O/gostage/example/main.go:269.2,269.49 1 0
github.com/davidroman0O/gostage/example/main.go:269.49,271.55 2 0
github.com/davidroman0O/gostage/example/main.go:271.55,273.4 1 0
github.com/davidroman0O/gostage/example/main.go:274.3,274.13 1 0
github.com/davidroman0O/gostage/example/main.go:277.2,277.47 1 0
github.com/davidroman0O/gostage/example/main.go:277.47,279.51 2 0
github.com/davidroman0O/gostage/example/main.go:279.51,281.4 1 0
github.com/davidroman0O/gostage/example/main.go:282.3,282.13 1 0
github.com/davidroman0O/gostage/example/main.go:286.2,286.47 1 0
github.com/davidroman0O/gostage/example/main.go:286.47,288.15 2 0
github.com/davidroman0O/gostage/example/main.go:288.15,290.4 1 0
github.com/davidroman0O/gostage/example/main.go:291.3,291.53 1 0
github.com/davidroman0O/gostage/example/main.go:291.53,293.4 1 0
github.com/davidroman0O/gostage/example/main.go:294.3,294.13 1 0
github.com/davidroman0O/gostage/example/main.go:298.2,298.54 1 0
github.com/davidroman0O/gostage/example/main.go:298.54,299.25 1 0
github.com/davidroman0O/gostage/example/main.go:299.25,302.60 3 0
github.com/davidroman0O/gostage/example/main.go:302.60,304.5 1 0
github.com/davidroman0O/gostage/example/main.go:305.4,305.14 1 0
github.com/davidroman0O/gostage/example/main.go:307.3,308.67 2 0
github.com/davidroman0O/gostage/example/main.go:312.2,312.50 1 0
github.com/davidroman0O/gostage/example/main.go:312.50,313.28 1 0
github.com/davidroman0O/gostage/example/main.go:313.28,314.11 1 0
github.com/davidroman0O/gostage/example/main.go:315.32,317.58 2 0
github.com/davidroman0O/gostage/example/main.go:317.58,319.6 1 0
github.com/davidroman0O/gostage/example/main.go:320.5,320.31 1 0
github.com/davidroman0O/gostage/example/main.go:321.12,322.37 1 0
github.com/davidroman0O/gostage/example/main.go:325.3,325.55 1 0
github.com/davidroman0O/gostage/example/main.go:325.55,327.4 1 0
github.com/davidroman0O/gostage/example/main.go:328.3,328.13 1 0
github.com/davidroman0O/gostage/example/main.go:332.2,332.51 1 0
github.com/davidroman0O/gostage/example/main.go:332.51,333.46 1 0
github.com/davidroman0O/gostage/example/main.go:333.46,336.4 2 0
github.com/davidroman0O/gostage/example/main.go:337.3,337.13 1 0
github.com/davidroman0O/gostage/example/main.go:340.2,340.48 1 0
github.com/davidroman0O/gostage/example/main.go:340.48,342.60 2 0
github.com/davidroman0O/gostage/example/main.go:342.60,344.4 1 0
github.com/davidroman0O/gostage/example/main.go:345.3,345.13 1 0
github.com/davidroman0O/gostage/example/main.go:348.2,348.48 1 0
github.com/davidroman0O/gostage/example/main.go:348.48,351.3 2 0
github.com/davidroman0O/gostage/example/main.go:354.2,354.49 1 0
github.com/davidroman0O/gostage/example/main.go:354.49,356.19 2 0
github.com/davidroman0O/gostage/example/main.go:356.19,361.4 3 0
github.com/davidroman0O/gostage/example/main.go:362.3,362.13 1 0
github.com/davidroman0O/gostage/example/main.go:365.2,365.44 1 0
github.com/davidroman0O/gostage/example/main.go:365.44,367.52 2 0
github.com/davidroman0O/gostage/example/main.go:367.52,369.4 1 0
github.com/davidroman0O/gostage/example/main.go:370.3,370.13 1 0
github.com/davidroman0O/gostage/example/main.go:373.2,373.44 1 0
github.com/davidroman0O/gostage/example/main.go:373.44,375.52 2 0
github.com/davidroman0O/gostage/example/main.go:375.52,377.4 1 0
github.com/davidroman0O/gostage/example/main.go:378.3,378.13 1 0
github.com/davidroman0O/gostage/example/main.go:381.2,381.44 1 0
github.com/davidroman0O/gostage/example/main.go:381.44,383.52 2 0
github.com/davidroman0O/gostage/example/main.go:383.52,385.4 1 0
github.com/davidroman0O/gostage/example/main.go:386.3,386.13 1 0
github.com/davidroman0O/gostage/example/main.go:389.2,389.47 1 0
github.com/davidroman0O/gostage/example/main.go:389.47,394.3 3 0
github.com/davidroman0O/gostage/example/main.go:396.2,396.50 1 0
github.com/davidroman0O/gostage/example/main.go:396.50,401.3 3 0
github.com/davidroman0O/gostage/example/main.go:404.2,404.52 1 0
github.com/davidroman0O/gostage/example/main.go:404.52,407.3 2 0
github.com/davidroman0O/gostage/example/main.go:409.2,409.53 1 0
github.com/davidroman0O/gostage/example/main.go:409.53,412.3 2 0
github.com/davidroman0O/gostage/example/main.go:414.2,414.52 1 0
github.com/davidroman0O/gostage/example/main.go:414.52,417.3 2 0
github.com/davidroman0O/gostage/example/main.go:419.2,419.55 1 0
github.com/davidroman0O/gostage/example/main.go:419.55,422.3 2 0
github.com/davidroman0O/gostage/example/main.go:425.2,425.53 1 0
github.com/davidroman0O/gostage/example/main.go:425.53,430.3 4 0
github.com/davidroman0O/gostage/example/main.go:433.2,434.51 2 0
github.com/davidroman0O/gostage/example/main.go:434.51,436.23 2 0
github.com/davidroman0O/gostage/example/main.go:436.23,438.4 1 0
github.com/davidroman0O/gostage/example/main.go:439.3,440.56 2 0
github.com/davidroman0O/gostage/example/main.go:440.56,442.4 1 0
github.com/davidroman0O/gostage/example/main.go:443.3,443.13 1 0
github.com/davidroman0O/gostage/example/main.go:446.2,446.49 1 0
github.com/davidroman0O/gostage/example/main.go:446.49,449.3 2 0
github.com/davidroman0O/gostage/example/main.go:451.2,451.42 1 0
github.com/davidroman0O/gostage/example/main.go:451.42,451.56 1 0
github.com/davidroman0O/gostage/example/main.go:454.2,454.52 1 0
github.com/davidroman0O/gostage/example/main.go:454.52,457.3 2 0
github.com/davidroman0O/gostage/example/main.go:458.2,458.50 1 0
github.com/davidroman0O/gostage/example/main.go:458.50,461.3 2 0
github.com/davidroman0O/gostage/example/main.go:462.2,462.51 1 0
github.com/davidroman0O/gostage/example/main.go:462.51,465.3 2 0
github.com/davidroman0O/gostage/example/main.go:466.2,466.51 1 0
github.com/davidroman0O/gostage/example/main.go:466.51,467.60 1 0
github.com/davidroman0O/gostage/example/main.go:467.60,469.4 1 0
github.com/davidroman0O/gostage/example/main.go:470.3,470.13 1 0
github.com/davidroman0O/gostage/example/main.go:472.2,472.52 1 0
github.com/davidroman0O/gostage/example/main.go:472.52,473.61 1 0
github.com/davidroman0O/gostage/example/main.go:473.61,475.4 1 0
github.com/davidroman0O/gostage/example/main.go:476.3,476.13 1 0
github.com/davidroman0O/gostage/example/main.go:478.2,478.53 1 0
github.com/davidroman0O/gostage/example/main.go:478.53,481.3 2 0
github.com/davidroman0O/gostage/example/main.go:482.2,482.51 1 0
github.com/davidroman0O/gostage/example/main.go:482.51,484.56 2 0
github.com/davidroman0O/gostage/example/main.go:484.56,486.4 1 0
github.com/davidroman0O/gostage/example/main.go:487.3,487.13 1 0
github.com/davidroman0O/gostage/example/main.go:491.31,493.58 1 0
github.com/davidroman0O/gostage/example/main.go:493.58,495.3 1 0
github.com/davidroman0O/gostage/example/main.go:496.2,496.57 1 0
github.com/davidroman0O/gostage/example/main.go:496.57,498.3 1 0
github.com/davidroman0O/gostage/example/main.go:499.2,499.56 1 0
github.com/davidroman0O/gostage/example/main.go:499.56,501.3 1 0
github.com/davidroman0O/gostage/example/main.go:504.2,504.47 1 0
github.com/davidroman0O/gostage/example/main.go:504.47,507.3 2 0
github.com/davidroman0O/gostage/example/main.go:515.36,522.16 3 0
github.com/davidroman0O/gostage/example/main.go:522.16,524.3 1 0
github.com/davidroman0O/gostage/example/main.go:526.2,530.26 4 0
github.com/davidroman0O/gostage/example/main.go:534.40,541.16 3 0
github.com/davidroman0O/gostage/example/main.go:541.16,543.3 1 0
github.com/davidroman0O/gostage/example/main.go:545.2,552.16 2 0
github.com/davidroman0O/gostage/example/main.go:552.16,554.3 1 0
github.com/davidroman0O/gostage/example/main.go:556.2,562.79 5 0
github.com/davidroman0O/gostage/example/main.go:566.38,572.16 3 0
github.com/davidroman0O/gostage/example/main.go:572.16,574.3 1 0
github.com/davidroman0O/gostage/example/main.go:576.2,578.35 1 0
github.com/davidroman0O/gostage/example/main.go:578.35,580.5 1 0
github.com/davidroman0O/gostage/example/main.go:584.2,584.16 1 0
github.com/davidroman0O/gostage/example/main.go:584.16,586.3 1 0
github.com/davidroman0O/gostage/example/main.go:588.2,597.50 8 0
github.com/davidroman0O/gostage/example/main.go:601.39,607.16 3 0
github.com/davidroman0O/gostage/example/main.go:607.16,609.3 1 0
github.com/davidroman0O/gostage/example/main.go:611.2,626.16 7 0
github.com/davidroman0O/gostage/example/main.go:626.16,628.3 1 0
github.com/davidroman0O/gostage/example/main.go:630.2,633.16 2 0
github.com/davidroman0O/gostage/example/main.go:633.16,635.3 1 0
github.com/davidroman0O/gostage/example/main.go:637.2,650.16 5 0
github.com/davidroman0O/gostage/example/main.go:650.16,652.3 1 0
github.com/davidroman0O/gostage/example/main.go:655.2,655.78 1 0
github.com/davidroman0O/gostage/example/main.go:655.78,657.3 1 0
github.com/davidroman0O/gostage/example/main.go:659.2,662.16 2 0
github.com/davidroman0O/gostage/example/main.go:662.16,664.3 1 0
github.com/davidroman0O/gostage/example/main.go:664.8,668.3 2 0
github.com/davidroman0O/gostage/example/main.go:670.2,679.16 3 0
github.com/davidroman0O/gostage/example/main.go:679.16,681.3 1 0
github.com/davidroman0O/gostage/example/main.go:683.2,686.16 2 0
github.com/davidroman0O/gostage/example/main.go:686.16,688.3 1 0
github.com/davidroman0O/gostage/example/main.go:690.2,693.16 2 0
github.com/davidroman0O/gostage/example/main.go:693.16,695.3 1 0
github.com/davidroman0O/gostage/example/main.go:695.8,699.3 2 0
github.com/davidroman0O/gostage/example/main.go:703.35,707.25 2 0
github.com/davidroman0O/gostage/example/main.go:707.25,710.29 3 0
github.com/davidroman0O/gostage/example/main.go:710.29,711.33 1 0
github.com/davidroman0O/gostage/example/main.go:711.33,713.6 1 0
github.com/davidroman0O/gostage/example/main.go:715.4,715.35 1 0
github.com/davidroman0O/gostage/example/main.go:718.2,718.16 1 0
github.com/davidroman0O/gostage/example/main.go:718.16,720.3 1 0
github.com/davidroman0O/gostage/example/main.go:722.2,733.16 7 0
github.com/davidroman0O/gostage/example/main.go:733.16,735.3 1 0
github.com/davidroman0O/gostage/example/main.go:737.2,738.52 2 0
github.com/davidroman0O/gostage/example/main.go:742.39,746.58 2 0
github.com/davidroman0O/gostage/example/main.go:746.58,748.4 1 0
github.com/davidroman0O/gostage/example/main.go:750.2,750.16 1 0
github.com/davidroman0O/gostage/example/main.go:750.16,752.3 1 0
github.com/davidroman0O/gostage/example/main.go:754.2,765.16 7 0
github.com/davidroman0O/gostage/example/main.go:765.16,767.3 1 0
github.com/davidroman0O/gostage/example/main.go:769.2,778.16 5 0
github.com/davidroman0O/gostage/example/main.go:778.16,780.3 1 0
github.com/davidroman0O/gostage/example/main.go:782.2,783.52 1 0
github.com/davidroman0O/gostage/example/main.go:783.52,785.4 1 0
github.com/davidroman0O/gostage/example/main.go:787.2,787.16 1 0
github.com/davidroman0O/gostage/example/main.go:787.16,789.3 1 0
github.com/davidroman0O/gostage/example/main.go:791.2,792.66 2 0
github.com/davidroman0O/gostage/example/main.go:796.39,800.25 2 0
github.com/davidroman0O/gostage/example/main.go:800.25,800.62 1 0
github.com/davidroman0O/gostage/example/main.go:801.57,803.4 1 0
github.com/davidroman0O/gostage/example/main.go:805.2,805.16 1 0
github.com/davidroman0O/gostage/example/main.go:805.16,807.3 1 0
github.com/davidroman0O/gostage/example/main.go:809.2,818.25 6 0
github.com/davidroman0O/gostage/example/main.go:818.25,818.62 1 0
github.com/davidroman0O/gostage/example/main.go:821.2,821.16 1 0
github.com/davidroman0O/gostage/example/main.go:821.16,823.3 1 0
github.com/davidroman0O/gostage/example/main.go:825.2,826.47 2 0
github.com/davidroman0O/gostage/example/main.go:830.43,836.16 3 0
github.com/davidroman0O/gostage/example/main.go:836.16,838.3 1 0
github.com/davidroman0O/gostage/example/main.go:840.2,845.16 2 0
github.com/davidroman0O/gostage/example/main.go:845.16,847.3 1 0
github.com/davidroman0O/gostage/example/main.go:849.2,861.16 8 0
github.com/davidroman0O/gostage/example/main.go:861.16,863.3 1 0
github.com/davidroman0O/gostage/example/main.go:865.2,869.16 2 0
github.com/davidroman0O/gostage/example/main.go:869.16,871.3 1 0
github.com/davidroman0O/gostage/example/main.go:873.2,877.16 2 0
github.com/davidroman0O/gostage/example/main.go:877.16,879.3 1 0
github.com/davidroman0O/gostage/example/main.go:881.2,883.79 3 0
github.com/davidroman0O/gostage/example/main.go:887.37,895.16 3 0
github.com/davidroman0O/gostage/example/main.go:895.16,897.3 1 0
github.com/davidroman0O/gostage/example/main.go:899.2,905.74 6 0
github.com/davidroman0O/gostage/example/main.go:909.37,915.16 3 0
github.com/davidroman0O/gostage/example/main.go:915.16,917.3 1 0
github.com/davidroman0O/gostage/example/main.go:919.2,929.16 2 0
github.com/davidroman0O/gostage/example/main.go:929.16,931.3 1 0
github.com/davidroman0O/gostage/example/main.go:933.2,937.26 4 0
github.com/davidroman0O/gostage/example/main.go:945.36,952.16 3 0
github.com/davidroman0O/gostage/example/main.go:952.16,954.3 1 0
github.com/davidroman0O/gostage/example/main.go:956.2,961.74 5 0
github.com/davidroman0O/gostage/example/main.go:965.45,972.16 3 0
github.com/davidroman0O/gostage/example/main.go:972.16,974.3 1 0
github.com/davidroman0O/gostage/example/main.go:976.2,986.16 6 0
github.com/davidroman0O/gostage/example/main.go:986.16,988.3 1 0
github.com/davidroman0O/gostage/example/main.go:988.8,990.3 1 0
github.com/davidroman0O/gostage/example/main.go:994.44,1000.16 3 0
github.com/davidroman0O/gostage/example/main.go:1000.16,1002.3 1 0
github.com/davidroman0O/gostage/example/main.go:1004.2,1013.49 7 0
github.com/davidroman0O/gostage/example/main.go:1013.49,1015.3 1 0
github.com/davidroman0O/gostage/example/main.go:1023.43,1030.16 3 0
github.com/davidroman0O/gostage/example/main.go:1030.16,1032.3 1 0
github.com/davidroman0O/gostage/example/main.go:1034.2,1039.68 5 0
github.com/davidroman0O/gostage/example/main.go:1043.45,1052.16 3 0
github.com/davidroman0O/gostage/example/main.go:1052.16,1054.3 1 0
github.com/davidroman0O/gostage/example/main.go:1056.2,1062.48 5 0
github.com/davidroman0O/gostage/example/main.go:1066.44,1076.16 3 0
github.com/davidroman0O/gostage/example/main.go:1076.16,1078.3 1 0
github.com/davidroman0O/gostage/example/main.go:1080.2,1089.22 8 0
github.com/davidroman0O/gostage/example/main.go:1097.36,1105.16 3 0
github.com/davidroman0O/gostage/example/main.go:1105.16,1107.3 1 0
github.com/davidroman0O/gostage/example/main.go:1109.2,1117.78 6 0
github.com/davidroman0O/gostage/example/main.go:1121.35,1127.16 3 0
github.com/davidroman0O/gostage/example/main.go:1127.16,1129.3 1 0
github.com/davidroman0O/gostage/example/main.go:1131.2,1135.76 3 0
github.com/davidroman0O/gostage/example/main.go:1135.76,1137.3 1 0
github.com/davidroman0O/gostage/example/main.go:1140.2,1140.69 1 0
github.com/davidroman0O/gostage/example/main.go:1140.69,1142.3 1 0
github.com/davidroman0O/gostage/example/main.go:1144.2,1145.26 2 0
github.com/davidroman0O/gostage/example/main.go:1155.45,1158.98 2 0
github.com/davidroman0O/gostage/example/main.go:1158.98,1163.3 4 0
github.com/davidroman0O/gostage/example/main.go:1165.2,1165.73 1 0
github.com/davidroman0O/gostage/example/main.go:1165.73,1170.3 4 0
github.com/davidroman0O/gostage/example/main.go:1172.2,1175.16 2 0
github.com/davidroman0O/gostage/example/main.go:1175.16,1177.3 1 0
github.com/davidroman0O/gostage/example/main.go:1179.2,1187.26 4 0
github.com/davidroman0O/gostage/example/main.go:1191.38,1197.16 3 0
github.com/davidroman0O/gostage/example/main.go:1197.16,1199.3 1 0
github.com/davidroman0O/gostage/example/main.go:1201.2,1207.26 4 0
github.com/davidroman0O/gostage/example/main.go:1215.37,1223.16 5 0
github.com/davidroman0O/gostage/example/main.go:1223.16,1225.3 1 0
github.com/davidroman0O/gostage/example/main.go:1226.2,1234.16 6 0
github.com/davidroman0O/gostage/example/main.go:1234.16,1236.3 1 0
github.com/davidroman0O/gostage/example/main.go:1237.2,1240.37 4 0
github.com/davidroman0O/gostage/example/main.go:1244.37,1248.16 3 0
github.com/davidroman0O/gostage/example/main.go:1248.16,1250.3 1 0
github.com/davidroman0O/gostage/example/main.go:1252.2,1257.60 5 0
github.com/davidroman0O/gostage/example/main.go:1261.47,1268.52 3 0
github.com/davidroman0O/gostage/example/main.go:1268.52,1270.4 1 0
github.com/davidroman0O/gostage/example/main.go:1271.30,1273.4 1 0
github.com/davidroman0O/gostage/example/main.go:1279.2,1279.16 1 0
github.com/davidroman0O/gostage/example/main.go:1279.16,1281.3 1 0
github.com/davidroman0O/gostage/example/main.go:1283.2,1289.46 6 0
github.com/davidroman0O/gostage/example/main.go:1293.45,1302.16 3 0
github.com/davidroman0O/gostage/example/main.go:1302.16,1304.3 1 0
github.com/davidroman0O/gostage/example/main.go:1305.2,1308.16 3 0
github.com/davidroman0O/gostage/example/main.go:1308.16,1310.3 1 0
github.com/davidroman0O/gostage/example/main.go:1311.2,1312.26 2 0
github.com/davidroman0O/gostage/example/main.go:1316.38,1326.16 5 0
github.com/davidroman0O/gostage/example/main.go:1326.16,1328.3 1 0
github.com/davidroman0O/gostage/example/main.go:1329.2,1331.51 3 0
github.com/davidroman0O/gostage/example/main.go:1335.43,1344.16 3 0
github.com/davidroman0O/gostage/example/main.go:1344.16,1346.3 1 0
github.com/davidroman0O/gostage/example/main.go:1347.2,1350.16 3 0
github.com/davidroman0O/gostage/example/main.go:1350.16,1352.3 1 0
github.com/davidroman0O/gostage/example/main.go:1353.2,1357.44 3 0
github.com/davidroman0O/gostage/example/main.go:1357.44,1359.3 1 0
github.com/davidroman0O/gostage/example/main.go:1359.8,1361.3 1 0
github.com/davidroman0O/gostage/example/main.go:1369.45,1383.16 3 0
github.com/davidroman0O/gostage/example/main.go:1383.16,1385.3 1 0
github.com/davidroman0O/gostage/example/main.go:1388.2,1398.16 8 0
github.com/davidroman0O/gostage/example/main.go:1398.16,1400.3 1 0
github.com/davidroman0O/gostage/example/main.go:1402.2,1413.74 5 0
github.com/davidroman0O/gostage/example/main.go:1421.45,1426.52 2 0
github.com/davidroman0O/gostage/example/main.go:1426.52,1428.4 1 0
github.com/davidroman0O/gostage/example/main.go:1436.35,1438.5 1 0
github.com/davidroman0O/gostage/example/main.go:1446.2,1446.16 1 0
github.com/davidroman0O/gostage/example/main.go:1446.16,1448.3 1 0
github.com/davidroman0O/gostage/example/main.go:1450.2,1461.55 5 0
github.com/davidroman0O/gostage/example/main.go:1468.33,1470.26 2 0
github.com/davidroman0O/gostage/example/main.go:1470.26,1471.17 1 0
github.com/davidroman0O/gostage/example/main.go:1471.17,1473.4 1 0
github.com/davidroman0O/gostage/example/main.go:1475.2,1475.33 1 0
github.com/davidroman0O/gostage/example/main.go:1478.28,1480.2 1 0
github.com/davidroman0O/gostage/example/main.go:1482.43,1483.16 1 0
github.com/davidroman0O/gostage/example/main.go:1483.16,1486.3 2 0
github.com/davidroman0O/gostage/example/main.go:1487.2,1487.14 1 0
github.com/davidroman0O/gostage/example/main.go:1487.14,1490.3 2 0
github.com/davidroman0O/gostage/example/main.go:1491.2,1491.40 1 0
github.com/davidroman0O/gostage/child.go:21.21,22.34 1 1
github.com/davidroman0O/gostage/child.go:22.34,23.31 1 1
github.com/davidroman0O/gostage/child.go:23.31,25.4 1 0
github.com/davidroman0O/gostage/child.go:27.2,27.14 1 1
github.com/davidroman0O/gostage/child.go:44.20,46.35 2 0
github.com/davidroman0O/gostage/child.go:46.35,49.3 2 0
github.com/davidroman0O/gostage/child.go:51.2,52.58 2 0
github.com/davidroman0O/gostage/child.go:52.58,53.61 1 0
github.com/davidroman0O/gostage/child.go:53.61,55.4 1 0
github.com/davidroman0O/gostage/child.go:57.2,62.46 4 0
github.com/davidroman0O/gostage/child.go:62.46,64.3 1 0
github.com/davidroman0O/gostage/child.go:67.2,72.16 4 0
github.com/davidroman0O/gostage/child.go:72.16,75.3 2 0
github.com/davidroman0O/gostage/child.go:76.2,82.18 4 0
github.com/davidroman0O/gostage/child.go:82.18,84.3 1 0
github.com/davidroman0O/gostage/child.go:85.2,86.20 2 0
github.com/davidroman0O/gostage/child.go:86.20,88.3 1 0
github.com/davidroman0O/gostage/child.go:91.2,92.16 2 0
github.com/davidroman0O/gostage/child.go:92.16,95.3 2 0
github.com/davidroman0O/gostage/child.go:97.2,101.16 3 0
github.com/davidroman0O/gostage/child.go:101.16,104.3 2 0
github.com/davidroman0O/gostage/child.go:107.2,108.30 2 0
github.com/davidroman0O/gostage/child.go:108.30,110.3 1 0
github.com/davidroman0O/gostage/child.go:113.2,113.55 1 0
github.com/davidroman0O/gostage/child.go:113.55,115.24 2 0
github.com/davidroman0O/gostage/child.go:115.24,117.4 1 0
github.com/davidroman0O/gostage/child.go:118.3,129.16 2 0
github.com/davidroman0O/gostage/child.go:132.2,134.35 2 0
github.com/davidroman0O/gostage/child.go:134.35,137.20 2 0
github.com/davidroman0O/gostage/child.go:137.20,140.4 2 0
github.com/davidroman0O/gostage/child.go:142.3,143.19 2 0
github.com/davidroman0O/gostage/child.go:143.19,146.4 2 0
github.com/davidroman0O/gostage/child.go:149.3,153.20 3 0
github.com/davidroman0O/gostage/child.go:153.20,156.4 2 0
github.com/davidroman0O/gostage/child.go:157.3,160.75 2 0
github.com/davidroman0O/gostage/child.go:160.75,162.4 1 0
github.com/davidroman0O/gostage/child.go:165.3,165.75 1 0
github.com/davidroman0O/gostage/child.go:166.8,169.16 2 0
github.com/davidroman0O/gostage/child.go:169.16,172.4 2 0
github.com/davidroman0O/gostage/child.go:174.3,178.50 3 0
github.com/davidroman0O/gostage/child.go:178.50,180.4 1 0
github.com/davidroman0O/gostage/child.go:181.3,181.50 1 0
github.com/davidroman0O/gostage/child.go:181.50,182.41 1 0
github.com/davidroman0O/gostage/child.go:182.41,184.5 1 0
github.com/davidroman0O/gostage/child.go:189.3,193.51 3 0
github.com/davidroman0O/gostage/child.go:193.51,194.37 1 0
github.com/davidroman0O/gostage/child.go:194.37,195.12 1 0
github.com/davidroman0O/gostage/child.go:196.35,196.35 0 0
github.com/davidroman0O/gostage/child.go:197.23,199.21 2 0
github.com/davidroman0O/gostage/child.go:203.4,204.22 2 0
github.com/davidroman0O/gostage/child.go:204.22,205.10 1 0
github.com/davidroman0O/gostage/child.go:209.4,212.104 4 0
github.com/davidroman0O/gostage/child.go:212.104,213.10 1 0
github.com/davidroman0O/gostage/child.go:215.4,215.24 1 0
github.com/davidroman0O/gostage/child.go:215.24,217.10 2 0
github.com/davidroman0O/gostage/child.go:222.2,222.20 1 0
github.com/davidroman0O/gostage/child.go:222.20,225.3 2 0
github.com/davidroman0O/gostage/child.go:229.2,230.19 2 0
github.com/davidroman0O/gostage/child.go:230.19,233.3 2 0
github.com/davidroman0O/gostage/child.go:235.2,244.20 2 0
github.com/davidroman0O/gostage/child.go:244.20,247.3 2 0
github.com/davidroman0O/gostage/child.go:249.2,249.12 1 0
github.com/davidroman0O/gostage/child.go:253.48,254.34 1 0
github.com/davidroman0O/gostage/child.go:254.34,255.45 1 0
github.com/davidroman0O/gostage/child.go:255.45,257.4 1 0
github.com/davidroman0O/gostage/child.go:258.3,258.42 1 0
github.com/davidroman0O/gostage/child.go:258.42,260.4 1 0
github.com/davidroman0O/gostage/child.go:262.2,262.8 1 0
github.com/davidroman0O/gostage/child.go:266.82,270.43 3 0
github.com/davidroman0O/gostage/child.go:270.43,271.18 1 0
github.com/davidroman0O/gostage/child.go:271.18,272.11 1 0
github.com/davidroman0O/gostage/child.go:273.71,273.71 0 0
github.com/davidroman0O/gostage/child.go:274.22,275.26 1 0
github.com/davidroman0O/gostage/child.go:279.3,287.17 2 0
github.com/davidroman0O/gostage/child.go:287.17,289.4 1 0
github.com/davidroman0O/gostage/child.go:291.2,291.61 1 0
github.com/davidroman0O/gostage/child.go:295.88,306.2 1 0
github.com/davidroman0O/gostage/context.go:42.69,50.66 2 1
github.com/davidroman0O/gostage/context.go:50.66,53.3 2 0
github.com/davidroman0O/gostage/context.go:54.2,54.12 1 1
github.com/davidroman0O/gostage/context.go:58.41,58.59 1 1
github.com/davidroman0O/gostage/context.go:68.39,69.30 1 1
github.com/davidroman0O/gostage/context.go:69.30,71.3 1 1
github.com/davidroman0O/gostage/context.go:72.2,76.78 3 1
github.com/davidroman0O/gostage/context.go:76.78,78.68 2 1
github.com/davidroman0O/gostage/context.go:78.68,80.4 1 0
github.com/davidroman0O/gostage/context.go:82.3,82.75 1 1
github.com/davidroman0O/gostage/context.go:82.75,84.79 2 1
github.com/davidroman0O/gostage/context.go:84.79,85.27 1 1
github.com/davidroman0O/gostage/context.go:85.27,87.6 1 1
github.com/davidroman0O/gostage/context.go:90.3,90.58 1 1
github.com/davidroman0O/gostage/context.go:97.2,99.60 2 1
github.com/davidroman0O/gostage/context.go:99.60,101.17 2 1
github.com/davidroman0O/gostage/context.go:101.17,103.4 1 0
github.com/davidroman0O/gostage/context.go:104.3,105.59 2 1
github.com/davidroman0O/gostage/context.go:105.59,107.4 1 0
github.com/davidroman0O/gostage/context.go:108.3,108.62 1 1
github.com/davidroman0O/gostage/context.go:111.2,111.20 1 0
github.com/davidroman0O/gostage/context.go:118.41,120.9 2 1
github.com/davidroman0O/gostage/context.go:120.9,123.3 2 1
github.com/davidroman0O/gostage/context.go:124.2,125.9 2 1
github.com/davidroman0O/gostage/context.go:125.9,128.3 2 1
github.com/davidroman0O/gostage/context.go:129.2,129.14 1 1
github.com/davidroman0O/gostage/context.go:136.50,138.9 2 1
github.com/davidroman0O/gostage/context.go:138.9,140.3 1 1
github.com/davidroman0O/gostage/context.go:141.2,142.9 2 1
github.com/davidroman0O/gostage/context.go:142.9,144.3 1 0
github.com/davidroman0O/gostage/context.go:145.2,145.14 1 1
github.com/davidroman0O/gostage/context.go:156.54,158.40 2 1
github.com/davidroman0O/gostage/context.go:158.40,160.3 1 1
github.com/davidroman0O/gostage/context.go:161.2,161.43 1 1
github.com/davidroman0O/gostage/context.go:169.35,171.2 1 0
github.com/davidroman0O/gostage/context.go:179.42,181.2 1 1
github.com/davidroman0O/gostage/context.go:187.38,189.2 1 1
github.com/davidroman0O/gostage/context.go:192.32,194.2 1 1
github.com/davidroman0O/gostage/context.go:197.48,199.2 1 1
github.com/davidroman0O/gostage/context.go:206.30,210.37 2 1
github.com/davidroman0O/gostage/context.go:210.37,211.51 1 1
github.com/davidroman0O/gostage/context.go:211.51,213.4 1 0
github.com/davidroman0O/gostage/context.go:215.2,215.17 1 1
github.com/davidroman0O/gostage/context.go:215.17,218.3 2 1
github.com/davidroman0O/gostage/context.go:219.2,220.9 2 1
github.com/davidroman0O/gostage/context.go:220.9,223.3 2 0
github.com/davidroman0O/gostage/context.go:224.2,224.12 1 1
github.com/davidroman0O/gostage/context.go:228.30,229.28 1 1
github.com/davidroman0O/gostage/context.go:229.28,231.3 1 1
github.com/davidroman0O/gostage/context.go:233.2,233.22 1 0
github.com/davidroman0O/gostage/context.go:233.22,234.52 1 0
github.com/davidroman0O/gostage/context.go:234.52,235.27 1 0
github.com/davidroman0O/gostage/context.go:236.13,237.15 1 0
github.com/davidroman0O/gostage/context.go:238.17,240.20 1 0
github.com/davidroman0O/gostage/context.go:244.2,244.25 1 0
github.com/davidroman0O/gostage/context.go:250.52,251.25 1 1
github.com/davidroman0O/gostage/context.go:251.25,253.3 1 0
github.com/davidroman0O/gostage/context.go:254.2,255.36 2 1
github.com/davidroman0O/gostage/context.go:255.36,256.48 1 1
github.com/davidroman0O/gostage/context.go:256.48,257.16 1 1
github.com/davidroman0O/gostage/context.go:257.16,259.10 2 1
github.com/davidroman0O/gostage/context.go:263.2,263.12 1 1
github.com/davidroman0O/gostage/context.go:267.41,269.25 2 1
github.com/davidroman0O/gostage/context.go:269.25,271.3 1 1
github.com/davidroman0O/gostage/context.go:275.40,277.25 2 0
github.com/davidroman0O/gostage/context.go:277.25,279.3 1 0
github.com/davidroman0O/gostage/context.go:285.45,286.26 1 1
github.com/davidroman0O/gostage/context.go:286.26,291.3 1 1
github.com/davidroman0O/gostage/context.go:295.43,296.26 1 1
github.com/davidroman0O/gostage/context.go:296.26,301.3 1 1
github.com/davidroman0O/gostage/context.go:305.42,306.26 1 0
github.com/davidroman0O/gostage/context.go:306.26,311.3 1 0
github.com/davidroman0O/gostage/context.go:321.56,322.23 1 1
github.com/davidroman0O/gostage/context.go:322.23,324.3 1 1
github.com/davidroman0O/gostage/context.go:326.2,326.23 1 1
github.com/davidroman0O/gostage/context.go:326.23,328.10 2 1
github.com/davidroman0O/gostage/context.go:328.10,330.4 1 0
github.com/davidroman0O/gostage/context.go:331.3,331.50 1 1
github.com/davidroman0O/gostage/context.go:333.2,333.12 1 1
github.com/davidroman0O/gostage/definition.go:103.63,109.29 2 1
github.com/davidroman0O/gostage/definition.go:109.29,111.10 2 1
github.com/davidroman0O/gostage/definition.go:111.10,113.4 1 0
github.com/davidroman0O/gostage/definition.go:115.3,121.17 2 1
github.com/davidroman0O/gostage/definition.go:122.19,123.28 1 1
github.com/davidroman0O/gostage/definition.go:125.32,126.31 1 1
github.com/davidroman0O/gostage/definition.go:126.31,128.19 2 1
github.com/davidroman0O/gostage/definition.go:128.19,130.6 1 0
github.com/davidroman0O/gostage/definition.go:131.5,131.34 1 1
github.com/davidroman0O/gostage/definition.go:134.19,135.30 1 1
github.com/davidroman0O/gostage/definition.go:135.30,139.21 2 1
github.com/davidroman0O/gostage/definition.go:139.21,140.26 1 1
github.com/davidroman0O/gostage/definition.go:140.26,142.7 1 1
github.com/davidroman0O/gostage/definition.go:143.6,143.35 1 1
github.com/davidroman0O/gostage/definition.go:145.5,146.19 2 1
github.com/davidroman0O/gostage/definition.go:146.19,148.6 1 0
github.com/davidroman0O/gostage/definition.go:149.5,150.36 2 1
github.com/davidroman0O/gostage/definition.go:153.20,158.18 5 1
github.com/davidroman0O/gostage/definition.go:158.18,160.5 1 0
github.com/davidroman0O/gostage/definition.go:161.4,161.23 1 1
github.com/davidroman0O/gostage/definition.go:163.16,164.25 1 1
github.com/davidroman0O/gostage/definition.go:164.25,166.5 1 1
github.com/davidroman0O/gostage/definition.go:167.4,167.30 1 1
github.com/davidroman0O/gostage/definition.go:169.33,170.28 1 1
github.com/davidroman0O/gostage/definition.go:170.28,172.5 1 1
github.com/davidroman0O/gostage/definition.go:173.4,175.18 3 1
github.com/davidroman0O/gostage/definition.go:175.18,177.5 1 0
github.com/davidroman0O/gostage/definition.go:178.4,178.20 1 1
github.com/davidroman0O/gostage/definition.go:180.16,181.28 1 1
github.com/davidroman0O/gostage/definition.go:181.28,183.5 1 0
github.com/davidroman0O/gostage/definition.go:184.4,185.18 2 1
github.com/davidroman0O/gostage/definition.go:185.18,187.5 1 0
github.com/davidroman0O/gostage/definition.go:188.4,188.27 1 1
github.com/davidroman0O/gostage/definition.go:190.18,191.47 1 1
github.com/davidroman0O/gostage/definition.go:194.3,194.36 1 1
github.com/davidroman0O/gostage/definition.go:197.2,197.17 1 1
github.com/davidroman0O/gostage/definition.go:201.47,202.28 1 1
github.com/davidroman0O/gostage/definition.go:202.28,204.17 2 0
github.com/davidroman0O/gostage/definition.go:204.17,206.4 1 0
github.com/davidroman0O/gostage/definition.go:207.3,207.42 1 0
github.com/davidroman0O/gostage/definition.go:209.2,209.44 1 1
github.com/davidroman0O/gostage/definition.go:221.62,223.2 1 1
github.com/davidroman0O/gostage/definition.go:225.73,226.16 1 1
github.com/davidroman0O/gostage/definition.go:226.16,228.3 1 0
github.com/davidroman0O/gostage/definition.go:229.2,236.37 2 1
github.com/davidroman0O/gostage/definition.go:236.37,238.3 1 0
github.com/davidroman0O/gostage/definition.go:240.2,240.31 1 1
github.com/davidroman0O/gostage/definition.go:240.31,242.10 2 1
github.com/davidroman0O/gostage/definition.go:242.10,244.4 1 0
github.com/davidroman0O/gostage/definition.go:246.3,253.15 2 1
github.com/davidroman0O/gostage/definition.go:254.19,255.38 1 1
github.com/davidroman0O/gostage/definition.go:255.38,257.5 1 0
github.com/davidroman0O/gostage/definition.go:258.4,258.28 1 1
github.com/davidroman0O/gostage/definition.go:260.32,262.18 2 1
github.com/davidroman0O/gostage/definition.go:262.18,264.5 1 0
github.com/davidroman0O/gostage/definition.go:265.4,265.17 1 1
github.com/davidroman0O/gostage/definition.go:267.19,268.32 1 1
github.com/davidroman0O/gostage/definition.go:268.32,272.22 2 1
github.com/davidroman0O/gostage/definition.go:272.22,274.19 2 1
github.com/davidroman0O/gostage/definition.go:274.19,276.7 1 0
github.com/davidroman0O/gostage/definition.go:277.6,278.36 2 1
github.com/davidroman0O/gostage/definition.go:280.5,281.19 2 1
github.com/davidroman0O/gostage/definition.go:281.19,283.6 1 0
github.com/davidroman0O/gostage/definition.go:284.5,285.34 2 1
github.com/davidroman0O/gostage/definition.go:288.20,292.28 4 1
github.com/davidroman0O/gostage/definition.go:292.28,294.19 2 1
github.com/davidroman0O/gostage/definition.go:294.19,296.6 1 0
github.com/davidroman0O/gostage/definition.go:297.5,297.23 1 1
github.com/davidroman0O/gostage/definition.go:300.16,302.17 2 1
github.com/davidroman0O/gostage/definition.go:302.17,304.5 1 0
github.com/davidroman0O/gostage/definition.go:305.4,306.30 2 1
github.com/davidroman0O/gostage/definition.go:308.33,310.17 2 1
github.com/davidroman0O/gostage/definition.go:310.17,312.5 1 0
github.com/davidroman0O/gostage/definition.go:313.4,315.25 3 1
github.com/davidroman0O/gostage/definition.go:315.25,317.19 2 1
github.com/davidroman0O/gostage/definition.go:317.19,319.6 1 0
github.com/davidroman0O/gostage/definition.go:320.5,320.20 1 1
github.com/davidroman0O/gostage/definition.go:323.16,324.29 1 1
github.com/davidroman0O/gostage/definition.go:324.29,326.19 2 1
github.com/davidroman0O/gostage/definition.go:326.19,328.6 1 0
github.com/davidroman0O/gostage/definition.go:329.5,329.26 1 1
github.com/davidroman0O/gostage/definition.go:332.18,334.18 2 1
github.com/davidroman0O/gostage/definition.go:334.18,336.5 1 0
github.com/davidroman0O/gostage/definition.go:337.4,337.23 1 1
github.com/davidroman0O/gostage/definition.go:340.3,340.33 1 1
github.com/davidroman0O/gostage/definition.go:343.2,343.16 1 1
github.com/davidroman0O/gostage/definition.go:347.57,348.27 1 1
github.com/davidroman0O/gostage/definition.go:348.27,350.17 2 0
github.com/davidroman0O/gostage/definition.go:350.17,352.4 1 0
github.com/davidroman0O/gostage/definition.go:353.3,353.42 1 0
github.com/davidroman0O/gostage/definition.go:355.2,355.36 1 1
github.com/davidroman0O/gostage/definition.go:355.36,357.3 1 0
github.com/davidroman0O/gostage/definition.go:358.2,358.44 1 1
github.com/davidroman0O/gostage/definition.go:362.64,364.25 2 1
github.com/davidroman0O/gostage/definition.go:364.25,366.17 2 1
github.com/davidroman0O/gostage/definition.go:366.17,368.4 1 0
github.com/davidroman0O/gostage/definition.go:369.3,369.27 1 1
github.com/davidroman0O/gostage/definition.go:371.2,371.18 1 1
github.com/davidroman0O/gostage/definition.go:377.66,379.2 1 1
github.com/davidroman0O/gostage/definition.go:382.69,384.51 2 1
github.com/davidroman0O/gostage/definition.go:384.51,386.3 1 0
github.com/davidroman0O/gostage/definition.go:387.2,387.18 1 1
github.com/davidroman0O/gostage/engine.go:71.49,82.27 2 1
github.com/davidroman0O/gostage/engine.go:82.27,83.32 1 1
github.com/davidroman0O/gostage/engine.go:83.32,85.4 1 0
github.com/davidroman0O/gostage/engine.go:89.2,95.19 3 1
github.com/davidroman0O/gostage/engine.go:95.19,96.57 1 0
github.com/davidroman0O/gostage/engine.go:96.57,98.4 1 0
github.com/davidroman0O/gostage/engine.go:101.2,101.15 1 1
github.com/davidroman0O/gostage/engine.go:107.88,108.15 1 1
github.com/davidroman0O/gostage/engine.go:108.15,110.3 1 1
github.com/davidroman0O/gostage/engine.go:111.2,114.19 2 1
github.com/davidroman0O/gostage/engine.go:114.19,118.3 3 1
github.com/davidroman0O/gostage/engine.go:120.2,120.45 1 1
github.com/davidroman0O/gostage/engine.go:126.82,128.9 1 1
github.com/davidroman0O/gostage/engine.go:129.19,130.29 1 1
github.com/davidroman0O/gostage/engine.go:131.10,131.10 0 1
github.com/davidroman0O/gostage/engine.go:134.2,134.15 1 1
github.com/davidroman0O/gostage/engine.go:134.15,136.3 1 1
github.com/davidroman0O/gostage/engine.go:138.2,151.27 7 1
github.com/davidroman0O/gostage/engine.go:151.27,153.20 2 1
github.com/davidroman0O/gostage/engine.go:153.20,155.4 1 0
github.com/davidroman0O/gostage/engine.go:156.3,156.10 1 1
github.com/davidroman0O/gostage/engine.go:157.30,157.30 0 1
github.com/davidroman0O/gostage/engine.go:158.11,158.11 0 0
github.com/davidroman0O/gostage/engine.go:160.3,162.16 3 1
github.com/davidroman0O/gostage/engine.go:163.5,169.3 5 0
github.com/davidroman0O/gostage/engine.go:171.2,171.19 1 1
github.com/davidroman0O/gostage/engine.go:177.74,182.9 4 1
github.com/davidroman0O/gostage/engine.go:182.9,185.17 2 1
github.com/davidroman0O/gostage/engine.go:185.17,187.4 1 0
github.com/davidroman0O/gostage/engine.go:188.3,192.9 1 1
github.com/davidroman0O/gostage/engine.go:195.2,195.9 1 1
github.com/davidroman0O/gostage/engine.go:196.31,200.21 4 1
github.com/davidroman0O/gostage/engine.go:201.20,202.24 1 0
github.com/davidroman0O/gostage/engine.go:207.65,212.8 4 1
github.com/davidroman0O/gostage/engine.go:212.8,214.3 1 1
github.com/davidroman0O/gostage/engine.go:216.2,217.16 2 1
github.com/davidroman0O/gostage/engine.go:217.16,219.3 1 0
github.com/davidroman0O/gostage/engine.go:221.2,223.40 3 1
github.com/davidroman0O/gostage/engine.go:228.68,232.12 4 1
github.com/davidroman0O/gostage/engine.go:232.12,234.3 1 0
github.com/davidroman0O/gostage/engine.go:235.2,235.44 1 1
github.com/davidroman0O/gostage/engine.go:241.98,243.9 1 1
github.com/davidroman0O/gostage/engine.go:244.19,245.30 1 1
github.com/davidroman0O/gostage/engine.go:246.10,246.10 0 1
github.com/davidroman0O/gostage/engine.go:249.2,249.15 1 1
github.com/davidroman0O/gostage/engine.go:249.15,251.3 1 1
github.com/davidroman0O/gostage/engine.go:254.2,257.40 3 1
github.com/davidroman0O/gostage/engine.go:257.40,261.3 3 1
github.com/davidroman0O/gostage/engine.go:262.2,270.15 4 1
github.com/davidroman0O/gostage/engine.go:270.15,274.3 3 1
github.com/davidroman0O/gostage/engine.go:276.2,277.16 2 1
github.com/davidroman0O/gostage/engine.go:277.16,279.3 1 1
github.com/davidroman0O/gostage/engine.go:281.2,281.29 1 1
github.com/davidroman0O/gostage/engine.go:281.29,283.3 1 1
github.com/davidroman0O/gostage/engine.go:285.2,285.29 1 1
github.com/davidroman0O/gostage/engine.go:285.29,287.3 1 1
github.com/davidroman0O/gostage/engine.go:290.2,291.40 2 1
github.com/davidroman0O/gostage/engine.go:291.40,292.26 1 1
github.com/davidroman0O/gostage/engine.go:292.26,294.4 1 1
github.com/davidroman0O/gostage/engine.go:296.2,296.36 1 1
github.com/davidroman0O/gostage/engine.go:296.36,299.3 1 1
github.com/davidroman0O/gostage/engine.go:301.2,306.58 4 1
github.com/davidroman0O/gostage/engine.go:306.58,308.3 1 0
github.com/davidroman0O/gostage/engine.go:311.2,311.28 1 1
github.com/davidroman0O/gostage/engine.go:311.28,313.3 1 1
github.com/davidroman0O/gostage/engine.go:316.2,317.25 2 1
github.com/davidroman0O/gostage/engine.go:317.25,319.3 1 1
github.com/davidroman0O/gostage/engine.go:322.2,324.56 3 1
github.com/davidroman0O/gostage/engine.go:324.56,326.3 1 0
github.com/davidroman0O/gostage/engine.go:329.2,331.20 2 1
github.com/davidroman0O/gostage/engine.go:337.68,338.20 1 1
github.com/davidroman0O/gostage/engine.go:338.20,340.3 1 1
github.com/davidroman0O/gostage/engine.go:341.2,343.74 3 1
github.com/davidroman0O/gostage/engine.go:347.74,354.29 5 1
github.com/davidroman0O/gostage/engine.go:354.29,356.3 1 1
github.com/davidroman0O/gostage/engine.go:357.2,357.37 1 1
github.com/davidroman0O/gostage/engine.go:357.37,359.3 1 1
github.com/davidroman0O/gostage/engine.go:364.32,366.24 2 1
github.com/davidroman0O/gostage/engine.go:366.24,370.25 2 1
github.com/davidroman0O/gostage/engine.go:370.25,372.4 1 1
github.com/davidroman0O/gostage/engine.go:375.3,376.33 2 1
github.com/davidroman0O/gostage/engine.go:376.33,377.28 1 1
github.com/davidroman0O/gostage/engine.go:377.28,379.5 1 1
github.com/davidroman0O/gostage/engine.go:381.3,384.20 2 1
github.com/davidroman0O/gostage/engine.go:384.20,385.61 1 1
github.com/davidroman0O/gostage/engine.go:385.61,387.5 1 1
github.com/davidroman0O/gostage/engine.go:391.3,391.35 1 1
github.com/davidroman0O/gostage/engine.go:393.2,393.17 1 1
github.com/davidroman0O/gostage/engine.go:398.46,402.49 3 1
github.com/davidroman0O/gostage/engine.go:402.49,404.35 1 1
github.com/davidroman0O/gostage/engine.go:404.35,405.19 1 1
github.com/davidroman0O/gostage/engine.go:405.19,407.10 2 1
github.com/davidroman0O/gostage/engine.go:410.3,410.45 1 1
github.com/davidroman0O/gostage/engine.go:411.8,413.61 1 1
github.com/davidroman0O/gostage/engine.go:413.61,417.4 3 1
github.com/davidroman0O/gostage/engine.go:418.3,418.45 1 1
github.com/davidroman0O/gostage/engine.go:420.2,420.29 1 1
github.com/davidroman0O/gostage/engine.go:424.60,428.2 3 1
github.com/davidroman0O/gostage/engine.go:431.44,433.9 1 1
github.com/davidroman0O/gostage/engine.go:434.19,435.9 1 0
github.com/davidroman0O/gostage/engine.go:436.10,436.10 0 1
github.com/davidroman0O/gostage/engine.go:439.2,439.27 1 1
github.com/davidroman0O/gostage/engine.go:439.27,449.41 4 1
github.com/davidroman0O/gostage/engine.go:449.41,453.4 3 0
github.com/davidroman0O/gostage/engine.go:454.3,458.16 3 1
github.com/davidroman0O/gostage/engine.go:458.16,463.4 4 1
github.com/davidroman0O/gostage/engine.go:465.3,466.43 2 1
github.com/davidroman0O/gostage/engine.go:466.43,468.4 1 0
github.com/davidroman0O/gostage/engine.go:470.3,471.20 2 1
github.com/davidroman0O/gostage/engine.go:471.20,475.58 3 0
github.com/davidroman0O/gostage/engine.go:475.58,477.5 1 0
github.com/davidroman0O/gostage/engine.go:478.4,478.10 1 0
github.com/davidroman0O/gostage/engine.go:482.3,487.59 4 1
github.com/davidroman0O/gostage/engine.go:487.59,490.66 3 0
github.com/davidroman0O/gostage/engine.go:490.66,492.5 1 0
github.com/davidroman0O/gostage/engine.go:493.4,493.10 1 0
github.com/davidroman0O/gostage/engine.go:497.3,497.29 1 1
github.com/davidroman0O/gostage/engine.go:497.29,499.4 1 0
github.com/davidroman0O/gostage/engine.go:502.3,504.57 3 1
github.com/davidroman0O/gostage/engine.go:504.57,506.4 1 0
github.com/davidroman0O/gostage/engine.go:509.3,512.10 2 1
github.com/davidroman0O/gostage/engine.go:513.30,513.30 0 1
github.com/davidroman0O/gostage/engine.go:514.11,514.11 0 0
github.com/davidroman0O/gostage/engine.go:516.5,518.3 1 0
github.com/davidroman0O/gostage/engine.go:526.53,529.16 2 1
github.com/davidroman0O/gostage/engine.go:529.16,531.3 1 0
github.com/davidroman0O/gostage/engine.go:532.2,532.34 1 1
github.com/davidroman0O/gostage/engine.go:532.34,535.57 3 1
github.com/davidroman0O/gostage/engine.go:535.57,537.4 1 0
github.com/davidroman0O/gostage/engine.go:541.2,542.16 2 1
github.com/davidroman0O/gostage/engine.go:542.16,544.3 1 0
github.com/davidroman0O/gostage/engine.go:546.2,547.35 2 1
github.com/davidroman0O/gostage/engine.go:547.35,548.26 1 1
github.com/davidroman0O/gostage/engine.go:548.26,552.58 3 0
github.com/davidroman0O/gostage/engine.go:552.58,554.5 1 0
github.com/davidroman0O/gostage/engine.go:555.4,555.12 1 0
github.com/davidroman0O/gostage/engine.go:558.3,558.29 1 1
github.com/davidroman0O/gostage/engine.go:558.29,561.4 1 1
github.com/davidroman0O/gostage/engine.go:561.9,564.4 1 0
github.com/davidroman0O/gostage/engine.go:567.2,567.12 1 1
github.com/davidroman0O/gostage/engine.go:572.104,584.27 5 1
github.com/davidroman0O/gostage/engine.go:584.27,586.3 1 1
github.com/davidroman0O/gostage/engine.go:588.2,598.56 3 1
github.com/davidroman0O/gostage/engine.go:598.56,600.3 1 0
github.com/davidroman0O/gostage/engine.go:602.2,603.20 2 1
github.com/davidroman0O/gostage/engine.go:607.99,610.33 2 1
github.com/davidroman0O/gostage/engine.go:610.33,611.25 1 1
github.com/davidroman0O/gostage/engine.go:611.25,613.4 1 1
github.com/davidroman0O/gostage/engine.go:614.3,615.48 2 1
github.com/davidroman0O/gostage/engine.go:615.48,618.25 3 1
github.com/davidroman0O/gostage/engine.go:618.25,620.5 1 1
github.com/davidroman0O/gostage/engine.go:622.3,622.29 1 1
github.com/davidroman0O/gostage/engine.go:622.29,623.17 1 1
github.com/davidroman0O/gostage/engine.go:623.17,624.33 1 1
github.com/davidroman0O/gostage/engine.go:624.33,626.6 1 0
github.com/davidroman0O/gostage/engine.go:628.4,628.18 1 1
github.com/davidroman0O/gostage/engine.go:630.8,632.3 1 1
github.com/davidroman0O/gostage/engine.go:636.2,636.38 1 1
github.com/davidroman0O/gostage/engine.go:636.38,637.35 1 1
github.com/davidroman0O/gostage/engine.go:637.35,639.4 1 1
github.com/davidroman0O/gostage/engine.go:642.2,647.9 2 1
github.com/davidroman0O/gostage/engine.go:648.18,649.28 1 1
github.com/davidroman0O/gostage/engine.go:651.39,655.37 4 1
github.com/davidroman0O/gostage/engine.go:657.42,661.36 4 1
github.com/davidroman0O/gostage/engine.go:663.40,670.25 5 1
github.com/davidroman0O/gostage/engine.go:670.25,672.4 1 1
github.com/davidroman0O/gostage/engine.go:674.84,676.21 2 1
github.com/davidroman0O/gostage/engine.go:678.10,680.21 2 1
github.com/davidroman0O/gostage/engine.go:685.2,687.20 3 1
github.com/davidroman0O/gostage/engine.go:687.20,690.30 3 1
github.com/davidroman0O/gostage/engine.go:690.30,692.4 1 1
github.com/davidroman0O/gostage/engine.go:693.3,693.33 1 1
github.com/davidroman0O/gostage/engine.go:693.33,695.35 2 1
github.com/davidroman0O/gostage/engine.go:695.35,697.5 1 1
github.com/davidroman0O/gostage/engine.go:699.3,699.32 1 1
github.com/davidroman0O/gostage/engine.go:699.32,701.33 2 1
github.com/davidroman0O/gostage/engine.go:701.33,703.5 1 1
github.com/davidroman0O/gostage/engine.go:706.3,706.62 1 1
github.com/davidroman0O/gostage/engine.go:706.62,708.4 1 1
github.com/davidroman0O/gostage/engine.go:709.3,709.67 1 1
github.com/davidroman0O/gostage/engine.go:709.67,711.4 1 0
github.com/davidroman0O/gostage/engine.go:715.2,715.56 1 1
github.com/davidroman0O/gostage/engine.go:715.56,717.3 1 0
github.com/davidroman0O/gostage/engine.go:720.2,720.23 1 1
github.com/davidroman0O/gostage/engine.go:721.44,722.71 1 1
github.com/davidroman0O/gostage/engine.go:722.71,724.4 1 0
github.com/davidroman0O/gostage/engine.go:727.2,727.15 1 1
github.com/davidroman0O/gostage/exec_control.go:10.121,14.23 3 1
github.com/davidroman0O/gostage/exec_control.go:14.23,16.18 2 1
github.com/davidroman0O/gostage/exec_control.go:16.18,18.12 2 1
github.com/davidroman0O/gostage/exec_control.go:20.3,20.58 1 1
github.com/davidroman0O/gostage/exec_control.go:20.58,21.26 1 1
github.com/davidroman0O/gostage/exec_control.go:21.26,23.5 1 0
github.com/davidroman0O/gostage/exec_control.go:24.4,24.17 1 1
github.com/davidroman0O/gostage/exec_control.go:24.17,25.33 1 1
github.com/davidroman0O/gostage/exec_control.go:25.33,27.6 1 1
github.com/davidroman0O/gostage/exec_control.go:29.4,29.38 1 1
github.com/davidroman0O/gostage/exec_control.go:31.3,31.21 1 1
github.com/davidroman0O/gostage/exec_control.go:31.21,33.4 1 1
github.com/davidroman0O/gostage/exec_control.go:34.3,34.17 1 1
github.com/davidroman0O/gostage/exec_control.go:34.17,36.4 1 1
github.com/davidroman0O/gostage/exec_control.go:39.2,39.24 1 1
github.com/davidroman0O/gostage/exec_control.go:39.24,41.3 1 1
github.com/davidroman0O/gostage/exec_control.go:43.2,43.12 1 0
github.com/davidroman0O/gostage/exec_control.go:47.111,48.41 1 1
github.com/davidroman0O/gostage/exec_control.go:48.41,49.75 1 1
github.com/davidroman0O/gostage/exec_control.go:49.75,51.4 1 0
github.com/davidroman0O/gostage/exec_control.go:53.3,53.55 1 1
github.com/davidroman0O/gostage/exec_control.go:53.55,55.4 1 0
github.com/davidroman0O/gostage/exec_control.go:56.3,57.58 2 1
github.com/davidroman0O/gostage/exec_control.go:57.58,58.17 1 1
github.com/davidroman0O/gostage/exec_control.go:58.17,59.33 1 1
github.com/davidroman0O/gostage/exec_control.go:59.33,61.6 1 1
github.com/davidroman0O/gostage/exec_control.go:63.4,63.35 1 1
github.com/davidroman0O/gostage/exec_control.go:65.3,65.21 1 1
github.com/davidroman0O/gostage/exec_control.go:65.21,67.4 1 1
github.com/davidroman0O/gostage/exec_control.go:68.3,68.17 1 1
github.com/davidroman0O/gostage/exec_control.go:68.17,70.4 1 1
github.com/davidroman0O/gostage/exec_control.go:72.2,72.72 1 0
github.com/davidroman0O/gostage/exec_control.go:76.111,77.41 1 1
github.com/davidroman0O/gostage/exec_control.go:77.41,79.58 2 1
github.com/davidroman0O/gostage/exec_control.go:79.58,80.17 1 1
github.com/davidroman0O/gostage/exec_control.go:80.17,81.33 1 1
github.com/davidroman0O/gostage/exec_control.go:81.33,83.6 1 0
github.com/davidroman0O/gostage/exec_control.go:85.4,85.35 1 1
github.com/davidroman0O/gostage/exec_control.go:87.3,87.21 1 1
github.com/davidroman0O/gostage/exec_control.go:87.21,89.4 1 0
github.com/davidroman0O/gostage/exec_control.go:90.3,90.18 1 1
github.com/davidroman0O/gostage/exec_control.go:90.18,92.4 1 1
github.com/davidroman0O/gostage/exec_control.go:93.3,93.75 1 1
github.com/davidroman0O/gostage/exec_control.go:93.75,95.4 1 0
github.com/davidroman0O/gostage/exec_control.go:97.3,97.55 1 1
github.com/davidroman0O/gostage/exec_control.go:97.55,99.4 1 0
github.com/davidroman0O/gostage/exec_control.go:101.2,101.72 1 0
github.com/davidroman0O/gostage/exec_control.go:105.91,107.15 2 1
github.com/davidroman0O/gostage/exec_control.go:107.15,108.31 1 1
github.com/davidroman0O/gostage/exec_control.go:108.31,110.4 1 1
github.com/davidroman0O/gostage/exec_control.go:112.2,113.12 2 1
github.com/davidroman0O/gostage/exec_control.go:117.121,120.29 2 1
github.com/davidroman0O/gostage/exec_control.go:120.29,122.74 2 1
github.com/davidroman0O/gostage/exec_control.go:122.74,124.4 1 0
github.com/davidroman0O/gostage/exec_control.go:126.2,126.12 1 1
github.com/davidroman0O/gostage/exec_control.go:130.75,132.12 1 1
github.com/davidroman0O/gostage/exec_control.go:132.12,134.3 1 0
github.com/davidroman0O/gostage/exec_control.go:137.2,137.55 1 1
github.com/davidroman0O/gostage/exec_control.go:137.55,139.3 1 1
github.com/davidroman0O/gostage/exec_control.go:141.2,141.9 1 1
github.com/davidroman0O/gostage/exec_control.go:142.23,143.13 1 1
github.com/davidroman0O/gostage/exec_control.go:144.20,145.19 1 0
github.com/davidroman0O/gostage/exec_foreach.go:20.111,22.21 2 1
github.com/davidroman0O/gostage/exec_foreach.go:22.21,24.3 1 1
github.com/davidroman0O/gostage/exec_foreach.go:27.2,27.16 1 1
github.com/davidroman0O/gostage/exec_foreach.go:27.16,29.3 1 1
github.com/davidroman0O/gostage/exec_foreach.go:32.2,33.14 2 1
github.com/davidroman0O/gostage/exec_foreach.go:33.14,35.42 2 1
github.com/davidroman0O/gostage/exec_foreach.go:35.42,37.4 1 1
github.com/davidroman0O/gostage/exec_foreach.go:40.2,40.24 1 1
github.com/davidroman0O/gostage/exec_foreach.go:40.24,42.30 1 1
github.com/davidroman0O/gostage/exec_foreach.go:42.30,45.73 2 1
github.com/davidroman0O/gostage/exec_foreach.go:45.73,46.13 1 1
github.com/davidroman0O/gostage/exec_foreach.go:49.4,49.96 1 1
github.com/davidroman0O/gostage/exec_foreach.go:49.96,51.5 1 1
github.com/davidroman0O/gostage/exec_foreach.go:54.4,54.103 1 1
github.com/davidroman0O/gostage/exec_foreach.go:54.103,56.5 1 0
github.com/davidroman0O/gostage/exec_foreach.go:58.3,58.13 1 1
github.com/davidroman0O/gostage/exec_foreach.go:62.2,72.29 5 1
github.com/davidroman0O/gostage/exec_foreach.go:72.29,77.72 3 1
github.com/davidroman0O/gostage/exec_foreach.go:77.72,78.12 1 0
github.com/davidroman0O/gostage/exec_foreach.go:82.3,85.38 4 1
github.com/davidroman0O/gostage/exec_foreach.go:85.38,86.9 1 0
github.com/davidroman0O/gostage/exec_foreach.go:89.3,91.13 3 1
github.com/davidroman0O/gostage/exec_foreach.go:91.13,93.17 2 1
github.com/davidroman0O/gostage/exec_foreach.go:93.17,93.26 1 1
github.com/davidroman0O/gostage/exec_foreach.go:95.4,95.101 1 1
github.com/davidroman0O/gostage/exec_foreach.go:95.101,97.24 2 0
github.com/davidroman0O/gostage/exec_foreach.go:97.24,100.6 2 0
github.com/davidroman0O/gostage/exec_foreach.go:101.5,102.11 2 0
github.com/davidroman0O/gostage/exec_foreach.go:106.4,106.103 1 1
github.com/davidroman0O/gostage/exec_foreach.go:106.103,108.5 1 0
github.com/davidroman0O/gostage/exec_foreach.go:112.2,113.17 2 1
github.com/davidroman0O/gostage/exec_foreach.go:117.140,118.28 1 1
github.com/davidroman0O/gostage/exec_foreach.go:118.28,123.3 2 0
github.com/davidroman0O/gostage/exec_foreach.go:125.2,126.15 2 1
github.com/davidroman0O/gostage/exec_foreach.go:126.15,128.3 1 0
github.com/davidroman0O/gostage/exec_foreach.go:130.2,140.88 9 1
github.com/davidroman0O/gostage/exec_foreach.go:144.55,146.9 2 1
github.com/davidroman0O/gostage/exec_foreach.go:146.9,148.3 1 0
github.com/davidroman0O/gostage/exec_foreach.go:151.2,152.32 2 1
github.com/davidroman0O/gostage/exec_foreach.go:152.32,154.3 1 0
github.com/davidroman0O/gostage/exec_foreach.go:156.2,157.32 2 1
github.com/davidroman0O/gostage/exec_foreach.go:157.32,159.3 1 1
github.com/davidroman0O/gostage/exec_foreach.go:160.2,160.15 1 1
github.com/davidroman0O/gostage/exec_parallel.go:12.134,13.20 1 1
github.com/davidroman0O/gostage/exec_parallel.go:13.20,15.3 1 0
github.com/davidroman0O/gostage/exec_parallel.go:18.2,19.14 2 1
github.com/davidroman0O/gostage/exec_parallel.go:19.14,21.42 2 0
github.com/davidroman0O/gostage/exec_parallel.go:21.42,23.4 1 0
github.com/davidroman0O/gostage/exec_parallel.go:26.2,26.20 1 1
github.com/davidroman0O/gostage/exec_parallel.go:26.20,28.71 2 0
github.com/davidroman0O/gostage/exec_parallel.go:28.71,30.4 1 0
github.com/davidroman0O/gostage/exec_parallel.go:31.3,31.73 1 0
github.com/davidroman0O/gostage/exec_parallel.go:31.73,33.4 1 0
github.com/davidroman0O/gostage/exec_parallel.go:34.3,34.101 1 0
github.com/davidroman0O/gostage/exec_parallel.go:34.101,36.4 1 0
github.com/davidroman0O/gostage/exec_parallel.go:37.3,37.13 1 0
github.com/davidroman0O/gostage/exec_parallel.go:40.2,49.27 4 1
github.com/davidroman0O/gostage/exec_parallel.go:49.27,53.71 2 1
github.com/davidroman0O/gostage/exec_parallel.go:53.71,54.12 1 0
github.com/davidroman0O/gostage/exec_parallel.go:57.3,60.13 4 1
github.com/davidroman0O/gostage/exec_parallel.go:60.13,62.75 2 1
github.com/davidroman0O/gostage/exec_parallel.go:62.75,64.24 2 1
github.com/davidroman0O/gostage/exec_parallel.go:64.24,67.6 2 1
github.com/davidroman0O/gostage/exec_parallel.go:68.5,69.11 2 1
github.com/davidroman0O/gostage/exec_parallel.go:71.4,71.106 1 1
github.com/davidroman0O/gostage/exec_parallel.go:71.106,73.5 1 0
github.com/davidroman0O/gostage/exec_parallel.go:77.2,78.17 2 1
github.com/davidroman0O/gostage/exec_parallel.go:84.131,87.14 2 1
github.com/davidroman0O/gostage/exec_parallel.go:87.14,89.42 2 1
github.com/davidroman0O/gostage/exec_parallel.go:89.42,91.4 1 1
github.com/davidroman0O/gostage/exec_parallel.go:94.2,94.27 1 1
github.com/davidroman0O/gostage/exec_parallel.go:94.27,98.71 2 1
github.com/davidroman0O/gostage/exec_parallel.go:98.71,99.12 1 1
github.com/davidroman0O/gostage/exec_parallel.go:102.3,102.69 1 1
github.com/davidroman0O/gostage/exec_parallel.go:102.69,104.4 1 1
github.com/davidroman0O/gostage/exec_parallel.go:105.3,105.101 1 1
github.com/davidroman0O/gostage/exec_parallel.go:105.101,107.4 1 0
github.com/davidroman0O/gostage/exec_parallel.go:109.2,109.12 1 1
github.com/davidroman0O/gostage/executor.go:13.103,16.14 2 1
github.com/davidroman0O/gostage/executor.go:16.14,18.42 2 1
github.com/davidroman0O/gostage/executor.go:18.42,20.4 1 1
github.com/davidroman0O/gostage/executor.go:23.2,24.24 2 1
github.com/davidroman0O/gostage/executor.go:24.24,28.69 2 1
github.com/davidroman0O/gostage/executor.go:28.69,30.12 2 1
github.com/davidroman0O/gostage/executor.go:34.3,34.17 1 1
github.com/davidroman0O/gostage/executor.go:34.17,36.12 2 1
github.com/davidroman0O/gostage/executor.go:40.3,45.37 3 1
github.com/davidroman0O/gostage/executor.go:45.37,47.4 1 1
github.com/davidroman0O/gostage/executor.go:49.3,50.25 2 1
github.com/davidroman0O/gostage/executor.go:50.25,51.26 1 1
github.com/davidroman0O/gostage/executor.go:51.26,53.5 1 1
github.com/davidroman0O/gostage/executor.go:54.4,55.40 2 1
github.com/davidroman0O/gostage/executor.go:55.40,59.26 4 1
github.com/davidroman0O/gostage/executor.go:59.26,61.6 1 1
github.com/davidroman0O/gostage/executor.go:63.4,63.30 1 1
github.com/davidroman0O/gostage/executor.go:63.30,64.18 1 1
github.com/davidroman0O/gostage/executor.go:64.18,65.34 1 1
github.com/davidroman0O/gostage/executor.go:65.34,67.7 1 1
github.com/davidroman0O/gostage/executor.go:69.5,69.19 1 1
github.com/davidroman0O/gostage/executor.go:71.9,73.4 1 1
github.com/davidroman0O/gostage/executor.go:75.3,75.17 1 1
github.com/davidroman0O/gostage/executor.go:75.17,80.92 4 1
github.com/davidroman0O/gostage/executor.go:80.92,82.5 1 1
github.com/davidroman0O/gostage/executor.go:85.4,85.24 1 1
github.com/davidroman0O/gostage/executor.go:85.24,87.5 1 1
github.com/davidroman0O/gostage/executor.go:90.4,90.29 1 1
github.com/davidroman0O/gostage/executor.go:90.29,91.12 1 1
github.com/davidroman0O/gostage/executor.go:91.12,92.19 1 1
github.com/davidroman0O/gostage/executor.go:92.19,93.35 1 1
github.com/davidroman0O/gostage/executor.go:93.35,95.8 1 1
github.com/davidroman0O/gostage/executor.go:97.6,97.25 1 1
github.com/davidroman0O/gostage/executor.go:102.4,102.97 1 1
github.com/davidroman0O/gostage/executor.go:102.97,104.5 1 0
github.com/davidroman0O/gostage/executor.go:105.4,105.56 1 1
github.com/davidroman0O/gostage/executor.go:109.3,109.55 1 1
github.com/davidroman0O/gostage/executor.go:109.55,111.4 1 0
github.com/davidroman0O/gostage/executor.go:114.3,114.99 1 1
github.com/davidroman0O/gostage/executor.go:114.99,116.4 1 0
github.com/davidroman0O/gostage/executor.go:119.3,119.35 1 1
github.com/davidroman0O/gostage/executor.go:119.35,120.11 1 1
github.com/davidroman0O/gostage/executor.go:120.11,121.18 1 1
github.com/davidroman0O/gostage/executor.go:121.18,122.34 1 1
github.com/davidroman0O/gostage/executor.go:122.34,124.7 1 1
github.com/davidroman0O/gostage/executor.go:126.5,127.43 2 1
github.com/davidroman0O/gostage/executor.go:132.3,132.26 1 1
github.com/davidroman0O/gostage/executor.go:132.26,134.32 2 1
github.com/davidroman0O/gostage/executor.go:134.32,135.19 1 1
github.com/davidroman0O/gostage/executor.go:136.25,148.29 6 1
github.com/davidroman0O/gostage/executor.go:149.25,150.59 1 1
github.com/davidroman0O/gostage/executor.go:151.24,152.60 1 0
github.com/davidroman0O/gostage/executor.go:157.3,157.6 1 1
github.com/davidroman0O/gostage/executor.go:159.2,159.12 1 1
github.com/davidroman0O/gostage/executor.go:163.108,164.16 1 1
github.com/davidroman0O/gostage/executor.go:165.18,166.63 1 1
github.com/davidroman0O/gostage/executor.go:167.20,168.67 1 1
github.com/davidroman0O/gostage/executor.go:169.17,170.64 1 1
github.com/davidroman0O/gostage/executor.go:171.18,172.60 1 1
github.com/davidroman0O/gostage/executor.go:173.19,174.55 1 1
github.com/davidroman0O/gostage/executor.go:175.15,176.40 1 1
github.com/davidroman0O/gostage/executor.go:177.19,178.55 1 1
github.com/davidroman0O/gostage/executor.go:179.19,180.55 1 1
github.com/davidroman0O/gostage/executor.go:181.15,182.63 1 1
github.com/davidroman0O/gostage/executor.go:183.17,184.46 1 1
github.com/davidroman0O/gostage/executor.go:185.10,186.53 1 0
github.com/davidroman0O/gostage/executor.go:191.111,192.28 1 1
github.com/davidroman0O/gostage/executor.go:192.28,194.3 1 0
github.com/davidroman0O/gostage/executor.go:195.2,195.64 1 1
github.com/davidroman0O/gostage/executor.go:199.118,201.15 2 1
github.com/davidroman0O/gostage/executor.go:201.15,203.3 1 0
github.com/davidroman0O/gostage/executor.go:205.2,213.84 7 1
github.com/davidroman0O/gostage/executor.go:217.85,218.76 1 1
github.com/davidroman0O/gostage/executor.go:218.76,220.3 1 0
[...]
github.com/davidroman0O/gostage/sqlite_persistence.go:370.2,372.69 2 1
github.com/davidroman0O/gostage/sqlite_persistence.go:372.69,373.105 1 1
github.com/davidroman0O/gostage/sqlite_persistence.go:373.105,375.4 1 0
github.com/davidroman0O/gostage/sqlite_persistence.go:377.2,377.20 1 1
github.com/davidroman0O/gostage/sqlite_persistence.go:380.102,384.16 2 1
github.com/davidroman0O/gostage/sqlite_persistence.go:384.16,386.3 1 0
github.com/davidroman0O/gostage/sqlite_persistence.go:387.2,388.15 2 1
github.com/davidroman0O/gostage/sqlite_persistence.go:388.15,390.3 1 1
github.com/davidroman0O/gostage/sqlite_persistence.go:391.2,391.12 1 1
github.com/davidroman0O/gostage/sqlite_persistence.go:394.98,398.29 3 1
github.com/davidroman0O/gostage/sqlite_persistence.go:398.29,401.3 2 1
github.com/davidroman0O/gostage/sqlite_persistence.go:402.2,402.25 1 1
github.com/davidroman0O/gostage/sqlite_persistence.go:402.25,405.3 2 1
github.com/davidroman0O/gostage/sqlite_persistence.go:407.2,409.22 2 1
github.com/davidroman0O/gostage/sqlite_persistence.go:409.22,412.3 2 1
github.com/davidroman0O/gostage/sqlite_persistence.go:414.2,415.16 2 1
github.com/davidroman0O/gostage/sqlite_persistence.go:415.16,417.3 1 0
github.com/davidroman0O/gostage/sqlite_persistence.go:418.2,421.18 3 1
github.com/davidroman0O/gostage/sqlite_persistence.go:421.18,438.17 2 1
github.com/davidroman0O/gostage/sqlite_persistence.go:438.17,440.4 1 0
github.com/davidroman0O/gostage/sqlite_persistence.go:442.3,445.81 3 1
github.com/davidroman0O/gostage/sqlite_persistence.go:445.81,447.4 1 0
github.com/davidroman0O/gostage/sqlite_persistence.go:449.3,449.55 1 1
github.com/davidroman0O/gostage/sqlite_persistence.go:449.55,450.84 1 1
github.com/davidroman0O/gostage/sqlite_persistence.go:450.84,452.5 1 0
github.com/davidroman0O/gostage/sqlite_persistence.go:455.3,455.22 1 1
github.com/davidroman0O/gostage/sqlite_persistence.go:455.22,456.77 1 0
github.com/davidroman0O/gostage/sqlite_persistence.go:456.77,458.5 1 0
github.com/davidroman0O/gostage/sqlite_persistence.go:461.3,461.51 1 1
github.com/davidroman0O/gostage/sqlite_persistence.go:461.51,462.80 1 1
github.com/davidroman0O/gostage/sqlite_persistence.go:462.80,464.5 1 0
github.com/davidroman0O/gostage/sqlite_persistence.go:467.3,467.82 1 1
github.com/davidroman0O/gostage/sqlite_persistence.go:467.82,469.4 1 0
github.com/davidroman0O/gostage/sqlite_persistence.go:470.3,470.82 1 1
github.com/davidroman0O/gostage/sqlite_persistence.go:470.82,472.4 1 0
github.com/davidroman0O/gostage/sqlite_persistence.go:474.3,474.34 1 1
github.com/davidroman0O/gostage/sqlite_persistence.go:477.2,477.28 1 1
github.com/davidroman0O/gostage/sqlite_persistence.go:480.43,482.2 1 1
github.com/davidroman0O/gostage/state.go:46.62,53.2 1 1
github.com/davidroman0O/gostage/state.go:59.47,67.2 3 1
github.com/davidroman0O/gostage/state.go:71.36,75.2 3 1
github.com/davidroman0O/gostage/state.go:80.62,83.17 3 1
github.com/davidroman0O/gostage/state.go:83.17,84.66 1 1
github.com/davidroman0O/gostage/state.go:84.66,86.4 1 1
github.com/davidroman0O/gostage/state.go:88.2,93.12 2 1
github.com/davidroman0O/gostage/state.go:98.52,106.2 3 1
github.com/davidroman0O/gostage/state.go:109.48,113.9 4 1
github.com/davidroman0O/gostage/state.go:113.9,115.3 1 1
github.com/davidroman0O/gostage/state.go:116.2,116.22 1 1
github.com/davidroman0O/gostage/state.go:121.39,125.22 4 1
github.com/davidroman0O/gostage/state.go:125.22,127.3 1 1
github.com/davidroman0O/gostage/state.go:131.36,135.24 4 1
github.com/davidroman0O/gostage/state.go:135.24,137.3 1 1
github.com/davidroman0O/gostage/state.go:138.2,138.13 1 1
github.com/davidroman0O/gostage/state.go:143.47,147.27 4 1
github.com/davidroman0O/gostage/state.go:147.27,149.3 1 1
github.com/davidroman0O/gostage/state.go:150.2,150.12 1 1
github.com/davidroman0O/gostage/state.go:155.49,159.27 4 1
github.com/davidroman0O/gostage/state.go:159.27,160.14 1 1
github.com/davidroman0O/gostage/state.go:160.14,162.4 1 1
github.com/davidroman0O/gostage/state.go:164.2,164.12 1 1
github.com/davidroman0O/gostage/state.go:170.62,174.27 4 1
github.com/davidroman0O/gostage/state.go:174.27,176.17 2 1
github.com/davidroman0O/gostage/state.go:176.17,178.4 1 0
github.com/davidroman0O/gostage/state.go:179.3,181.17 3 1
github.com/davidroman0O/gostage/state.go:181.17,183.4 1 0
github.com/davidroman0O/gostage/state.go:184.3,184.19 1 1
github.com/davidroman0O/gostage/state.go:186.2,186.20 1 1
github.com/davidroman0O/gostage/state.go:191.64,195.27 4 1
github.com/davidroman0O/gostage/state.go:195.27,196.15 1 1
github.com/davidroman0O/gostage/state.go:196.15,197.12 1 1
github.com/davidroman0O/gostage/state.go:199.3,200.17 2 1
github.com/davidroman0O/gostage/state.go:200.17,202.4 1 0
github.com/davidroman0O/gostage/state.go:203.3,205.17 3 1
github.com/davidroman0O/gostage/state.go:205.17,207.4 1 0
github.com/davidroman0O/gostage/state.go:208.3,208.19 1 1
github.com/davidroman0O/gostage/state.go:210.2,210.20 1 1
github.com/davidroman0O/gostage/state.go:215.38,224.27 4 1
github.com/davidroman0O/gostage/state.go:224.27,230.3 1 1
github.com/davidroman0O/gostage/state.go:231.2,231.10 1 1
github.com/davidroman0O/gostage/state.go:236.53,237.22 1 1
github.com/davidroman0O/gostage/state.go:237.22,239.3 1 1
github.com/davidroman0O/gostage/state.go:241.2,245.27 4 1
github.com/davidroman0O/gostage/state.go:245.27,246.15 1 1
github.com/davidroman0O/gostage/state.go:246.15,247.12 1 1
github.com/davidroman0O/gostage/state.go:249.3,250.17 2 1
github.com/davidroman0O/gostage/state.go:250.17,252.4 1 0
github.com/davidroman0O/gostage/state.go:253.3,256.4 1 1
github.com/davidroman0O/gostage/state.go:259.2,259.22 1 1
github.com/davidroman0O/gostage/state.go:259.22,260.68 1 1
github.com/davidroman0O/gostage/state.go:260.68,262.4 1 0
github.com/davidroman0O/gostage/state.go:264.3,264.28 1 1
github.com/davidroman0O/gostage/state.go:264.28,265.15 1 1
github.com/davidroman0O/gostage/state.go:265.15,268.5 2 1
github.com/davidroman0O/gostage/state.go:273.2,273.29 1 1
github.com/davidroman0O/gostage/state.go:273.29,274.69 1 1
github.com/davidroman0O/gostage/state.go:274.69,276.4 1 0
github.com/davidroman0O/gostage/state.go:278.2,280.12 2 1
github.com/davidroman0O/gostage/state.go:286.67,287.22 1 1
github.com/davidroman0O/gostage/state.go:287.22,289.3 1 1
github.com/davidroman0O/gostage/state.go:291.2,292.16 2 1
github.com/davidroman0O/gostage/state.go:292.16,294.3 1 0
github.com/davidroman0O/gostage/state.go:296.2,299.28 3 1
github.com/davidroman0O/gostage/state.go:299.28,301.55 2 1
github.com/davidroman0O/gostage/state.go:301.55,303.4 1 0
github.com/davidroman0O/gostage/state.go:305.3,310.4 2 1
github.com/davidroman0O/gostage/state.go:312.2,312.12 1 1
github.com/davidroman0O/gostage/state.go:316.31,317.14 1 1
github.com/davidroman0O/gostage/state.go:317.14,319.3 1 1
github.com/davidroman0O/gostage/state.go:320.2,320.18 1 1
github.com/davidroman0O/gostage/state.go:321.12,322.16 1 1
github.com/davidroman0O/gostage/state.go:323.11,324.15 1 1
github.com/davidroman0O/gostage/state.go:325.12,326.16 1 0
github.com/davidroman0O/gostage/state.go:327.13,328.17 1 0
github.com/davidroman0O/gostage/state.go:329.13,330.17 1 0
github.com/davidroman0O/gostage/state.go:331.13,332.17 1 1
github.com/davidroman0O/gostage/state.go:333.12,334.16 1 0
github.com/davidroman0O/gostage/state.go:335.13,336.17 1 0
github.com/davidroman0O/gostage/state.go:337.14,338.18 1 0
github.com/davidroman0O/gostage/state.go:339.14,340.18 1 0
github.com/davidroman0O/gostage/state.go:341.14,342.18 1 0
github.com/davidroman0O/gostage/state.go:343.15,344.19 1 1
github.com/davidroman0O/gostage/state.go:345.15,346.19 1 1
github.com/davidroman0O/gostage/state.go:347.14,348.18 1 1
github.com/davidroman0O/gostage/state.go:349.10,350.30 1 1
github.com/davidroman0O/gostage/state.go:356.48,357.20 1 1
github.com/davidroman0O/gostage/state.go:357.20,359.3 1 1
github.com/davidroman0O/gostage/state.go:361.2,362.14 2 1
github.com/davidroman0O/gostage/state.go:362.14,364.3 1 1
github.com/davidroman0O/gostage/state.go:366.2,366.18 1 1
github.com/davidroman0O/gostage/state.go:367.13,368.16 1 1
github.com/davidroman0O/gostage/state.go:369.14,370.17 1 0
github.com/davidroman0O/gostage/state.go:371.15,372.18 1 0
github.com/davidroman0O/gostage/state.go:373.15,374.18 1 0
github.com/davidroman0O/gostage/state.go:375.15,376.18 1 1
github.com/davidroman0O/gostage/state.go:377.14,378.17 1 0
github.com/davidroman0O/gostage/state.go:379.15,380.18 1 0
github.com/davidroman0O/gostage/state.go:381.16,382.19 1 0
github.com/davidroman0O/gostage/state.go:383.16,384.19 1 0
github.com/davidroman0O/gostage/state.go:385.16,386.19 1 0
github.com/davidroman0O/gostage/state.go:387.17,388.20 1 1
github.com/davidroman0O/gostage/state.go:389.17,390.11 1 1
github.com/davidroman0O/gostage/state.go:391.10,392.13 1 0
github.com/davidroman0O/gostage/state.go:401.46,402.14 1 1
github.com/davidroman0O/gostage/state.go:402.14,404.3 1 1
github.com/davidroman0O/gostage/state.go:405.2,405.49 1 1
github.com/davidroman0O/gostage/state.go:405.49,407.3 1 1
github.com/davidroman0O/gostage/state.go:408.2,410.15 3 1
github.com/davidroman0O/gostage/state.go:415.76,416.14 1 1
github.com/davidroman0O/gostage/state.go:416.14,418.3 1 0
github.com/davidroman0O/gostage/state.go:419.2,419.16 1 1
github.com/davidroman0O/gostage/state.go:419.16,421.3 1 1
github.com/davidroman0O/gostage/state.go:422.2,424.18 2 1
github.com/davidroman0O/gostage/state.go:425.57,426.15 1 1
github.com/davidroman0O/gostage/state.go:427.45,428.15 1 1
github.com/davidroman0O/gostage/state.go:429.19,430.46 1 1
github.com/davidroman0O/gostage/state.go:431.36,432.46 1 1
github.com/davidroman0O/gostage/state.go:433.19,435.39 1 1
github.com/davidroman0O/gostage/state.go:435.39,437.4 1 1
github.com/davidroman0O/gostage/state.go:438.3,438.46 1 1
github.com/davidroman0O/gostage/state.go:439.22,440.37 1 1
github.com/davidroman0O/gostage/state.go:440.37,442.23 2 1
github.com/davidroman0O/gostage/state.go:442.23,443.13 1 0
github.com/davidroman0O/gostage/state.go:445.4,445.32 1 1
github.com/davidroman0O/gostage/state.go:445.32,446.13 1 1
github.com/davidroman0O/gostage/state.go:448.4,448.43 1 1
github.com/davidroman0O/gostage/state.go:448.43,450.5 1 1
github.com/davidroman0O/gostage/state.go:452.3,452.14 1 1
github.com/davidroman0O/gostage/state.go:453.25,454.14 1 0
github.com/davidroman0O/gostage/state.go:455.10,456.14 1 1
github.com/davidroman0O/gostage/step_helpers.go:5.48,6.26 1 1
github.com/davidroman0O/gostage/step_helpers.go:6.26,7.33 1 1
github.com/davidroman0O/gostage/step_helpers.go:7.33,9.4 1 1
github.com/davidroman0O/gostage/step_helpers.go:11.2,11.11 1 0
github.com/davidroman0O/gostage/step_helpers.go:17.72,18.23 1 1
github.com/davidroman0O/gostage/step_helpers.go:18.23,19.47 1 1
github.com/davidroman0O/gostage/step_helpers.go:19.47,21.4 1 1
github.com/davidroman0O/gostage/task_registry.go:40.57,41.16 1 1
github.com/davidroman0O/gostage/task_registry.go:41.16,42.49 1 1
github.com/davidroman0O/gostage/task_registry.go:45.2,48.45 3 1
github.com/davidroman0O/gostage/task_registry.go:48.45,49.66 1 1
github.com/davidroman0O/gostage/task_registry.go:52.2,56.27 2 1
github.com/davidroman0O/gostage/task_registry.go:56.27,58.3 1 1
github.com/davidroman0O/gostage/task_registry.go:59.2,59.25 1 1
github.com/davidroman0O/gostage/task_registry.go:63.39,67.2 3 1
github.com/davidroman0O/gostage/task_registry.go:70.26,77.2 4 1
github.com/davidroman0O/gostage/task_registry.go:85.34,86.27 1 1
github.com/davidroman0O/gostage/task_registry.go:86.27,88.3 1 1
github.com/davidroman0O/gostage/task_registry.go:94.49,95.27 1 1
github.com/davidroman0O/gostage/task_registry.go:95.27,97.3 1 1
github.com/davidroman0O/gostage/task_registry.go:103.42,104.27 1 1
github.com/davidroman0O/gostage/task_registry.go:104.27,106.3 1 1
github.com/davidroman0O/gostage/task_registry.go:113.50,114.27 1 1
github.com/davidroman0O/gostage/task_registry.go:114.27,116.3 1 1
github.com/davidroman0O/gostage/task_registry.go:122.46,123.27 1 0
github.com/davidroman0O/gostage/task_registry.go:123.27,125.3 1 0
github.com/davidroman0O/gostage/task_registry.go:129.42,134.37 4 1
github.com/davidroman0O/gostage/task_registry.go:134.37,135.29 1 1
github.com/davidroman0O/gostage/task_registry.go:135.29,136.16 1 1
github.com/davidroman0O/gostage/task_registry.go:136.16,138.10 2 1
github.com/davidroman0O/gostage/task_registry.go:142.2,142.14 1 1
github.com/davidroman0O/gostage/types.go:60.36,62.2 1 0
github.com/davidroman0O/gostage/types.go:69.39,71.2 1 0
github.com/davidroman0O/gostage/types.go:79.37,81.2 1 0
github.com/davidroman0O/gostage/workflow.go:64.32,73.2 1 1
github.com/davidroman0O/gostage/workflow.go:113.36,115.2 1 1
github.com/davidroman0O/gostage/workflow.go:120.32,122.2 1 0
github.com/davidroman0O/gostage/workflow.go:145.45,147.2 1 1
github.com/davidroman0O/gostage/workflow.go:150.55,152.2 1 1
github.com/davidroman0O/gostage/workflow.go:155.51,157.2 1 0
github.com/davidroman0O/gostage/workflow.go:163.31,163.58 1 1
github.com/davidroman0O/gostage/workflow.go:166.58,168.2 1 1
github.com/davidroman0O/gostage/workflow.go:171.54,173.2 1 0
github.com/davidroman0O/gostage/workflow.go:183.43,184.23 1 1
github.com/davidroman0O/gostage/workflow.go:184.23,186.3 1 1
github.com/davidroman0O/gostage/workflow.go:192.32,193.23 1 1
github.com/davidroman0O/gostage/workflow.go:193.23,195.3 1 1
github.com/davidroman0O/gostage/workflow.go:208.53,209.35 1 1
github.com/davidroman0O/gostage/workflow.go:209.35,211.3 1 1
github.com/davidroman0O/gostage/workflow.go:219.47,220.35 1 1
github.com/davidroman0O/gostage/workflow.go:220.35,222.3 1 1
github.com/davidroman0O/gostage/workflow.go:229.66,230.35 1 1
github.com/davidroman0O/gostage/workflow.go:230.35,233.3 2 1
github.com/davidroman0O/gostage/workflow.go:239.54,240.35 1 1
github.com/davidroman0O/gostage/workflow.go:240.35,242.3 1 1
github.com/davidroman0O/gostage/workflow.go:248.62,249.35 1 1
github.com/davidroman0O/gostage/workflow.go:249.35,251.3 1 1
github.com/davidroman0O/gostage/workflow.go:262.46,263.31 1 1
github.com/davidroman0O/gostage/workflow.go:263.31,265.3 1 1
github.com/davidroman0O/gostage/workflow.go:319.70,320.14 1 1
github.com/davidroman0O/gostage/workflow.go:320.14,321.56 1 1
github.com/davidroman0O/gostage/workflow.go:323.2,324.27 2 1
github.com/davidroman0O/gostage/workflow.go:324.27,326.3 1 1
github.com/davidroman0O/gostage/workflow.go:327.2,327.10 1 1
github.com/davidroman0O/gostage/workflow.go:333.86,334.17 1 1
github.com/davidroman0O/gostage/workflow.go:334.17,335.58 1 0
github.com/davidroman0O/gostage/workflow.go:337.2,342.27 2 1
github.com/davidroman0O/gostage/workflow.go:342.27,344.3 1 1
github.com/davidroman0O/gostage/workflow.go:345.2,346.10 2 1
github.com/davidroman0O/gostage/workflow.go:352.80,353.17 1 1
github.com/davidroman0O/gostage/workflow.go:353.17,354.58 1 0
github.com/davidroman0O/gostage/workflow.go:356.2,361.10 2 1
github.com/davidroman0O/gostage/workflow.go:367.70,368.17 1 1
github.com/davidroman0O/gostage/workflow.go:368.17,369.58 1 0
github.com/davidroman0O/gostage/workflow.go:371.2,376.10 2 1
github.com/davidroman0O/gostage/workflow.go:385.72,386.17 1 1
github.com/davidroman0O/gostage/workflow.go:386.17,387.58 1 0
github.com/davidroman0O/gostage/workflow.go:389.2,394.10 2 1
github.com/davidroman0O/gostage/workflow.go:400.100,401.17 1 1
github.com/davidroman0O/gostage/workflow.go:401.17,402.58 1 0
github.com/davidroman0O/gostage/workflow.go:404.2,411.10 2 1
github.com/davidroman0O/gostage/workflow.go:420.87,421.17 1 1
github.com/davidroman0O/gostage/workflow.go:421.17,422.58 1 0
github.com/davidroman0O/gostage/workflow.go:424.2,430.10 2 1
github.com/davidroman0O/gostage/workflow.go:439.87,440.17 1 1
github.com/davidroman0O/gostage/workflow.go:440.17,441.58 1 0
github.com/davidroman0O/gostage/workflow.go:443.2,449.10 2 1
github.com/davidroman0O/gostage/workflow.go:458.63,459.17 1 1
github.com/davidroman0O/gostage/workflow.go:459.17,460.58 1 0
github.com/davidroman0O/gostage/workflow.go:462.2,467.10 2 1
github.com/davidroman0O/gostage/workflow.go:473.62,474.17 1 1
github.com/davidroman0O/gostage/workflow.go:474.17,475.58 1 0
github.com/davidroman0O/gostage/workflow.go:477.2,482.10 2 1
github.com/davidroman0O/gostage/workflow.go:490.67,491.17 1 1
github.com/davidroman0O/gostage/workflow.go:491.17,492.58 1 0
github.com/davidroman0O/gostage/workflow.go:494.2,499.10 2 1
github.com/davidroman0O/gostage/workflow.go:511.45,513.15 2 1
github.com/davidroman0O/gostage/workflow.go:513.15,514.71 1 1
github.com/davidroman0O/gostage/workflow.go:516.2,516.55 1 1
github.com/davidroman0O/gostage/workflow.go:527.71,528.17 1 1
github.com/davidroman0O/gostage/workflow.go:528.17,529.58 1 0
github.com/davidroman0O/gostage/workflow.go:531.2,532.15 2 1
github.com/davidroman0O/gostage/workflow.go:532.15,533.75 1 0
github.com/davidroman0O/gostage/workflow.go:535.2,541.10 2 1
github.com/davidroman0O/gostage/workflow.go:551.87,552.17 1 1
github.com/davidroman0O/gostage/workflow.go:552.17,553.58 1 0
github.com/davidroman0O/gostage/workflow.go:555.2,556.15 2 1
github.com/davidroman0O/gostage/workflow.go:556.15,557.71 1 0
github.com/davidroman0O/gostage/workflow.go:559.2,566.10 2 1
github.com/davidroman0O/gostage/workflow.go:576.87,577.17 1 1
github.com/davidroman0O/gostage/workflow.go:577.17,578.58 1 0
github.com/davidroman0O/gostage/workflow.go:580.2,581.15 2 1
github.com/davidroman0O/gostage/workflow.go:581.15,582.71 1 0
github.com/davidroman0O/gostage/workflow.go:584.2,591.10 2 1
github.com/davidroman0O/gostage/workflow.go:596.55,606.29 2 1
github.com/davidroman0O/gostage/workflow.go:606.29,614.18 2 1
github.com/davidroman0O/gostage/workflow.go:615.19,617.55 2 1
github.com/davidroman0O/gostage/workflow.go:617.55,619.5 1 1
github.com/davidroman0O/gostage/workflow.go:621.21,623.32 2 1
github.com/davidroman0O/gostage/workflow.go:623.32,624.48 1 1
github.com/davidroman0O/gostage/workflow.go:624.48,626.6 1 0
github.com/davidroman0O/gostage/workflow.go:629.18,631.32 2 1
github.com/davidroman0O/gostage/workflow.go:631.32,632.48 1 1
github.com/davidroman0O/gostage/workflow.go:632.48,634.6 1 0
github.com/davidroman0O/gostage/workflow.go:637.19,639.31 2 1
github.com/davidroman0O/gostage/workflow.go:639.31,640.50 1 1
github.com/davidroman0O/gostage/workflow.go:640.50,642.6 1 0
github.com/davidroman0O/gostage/workflow.go:645.20,649.57 4 1
github.com/davidroman0O/gostage/workflow.go:649.57,651.5 1 0
github.com/davidroman0O/gostage/workflow.go:652.4,652.39 1 1
github.com/davidroman0O/gostage/workflow.go:652.39,654.5 1 1
github.com/davidroman0O/gostage/workflow.go:656.16,657.45 1 1
github.com/davidroman0O/gostage/workflow.go:657.45,659.5 1 0
github.com/davidroman0O/gostage/workflow.go:660.4,661.30 2 1
github.com/davidroman0O/gostage/workflow.go:663.33,664.51 1 1
github.com/davidroman0O/gostage/workflow.go:664.51,666.5 1 0
github.com/davidroman0O/gostage/workflow.go:667.4,670.54 4 1
github.com/davidroman0O/gostage/workflow.go:670.54,672.5 1 0
github.com/davidroman0O/gostage/workflow.go:674.16,675.29 1 1
github.com/davidroman0O/gostage/workflow.go:675.29,677.5 1 0
github.com/davidroman0O/gostage/workflow.go:678.4,678.34 1 1
github.com/davidroman0O/gostage/workflow.go:680.18,681.38 1 1
github.com/davidroman0O/gostage/workflow.go:684.3,684.33 1 1
github.com/davidroman0O/gostage/workflow.go:687.2,688.16 2 1
github.com/davidroman0O/gostage/workflow.go:694.39,709.30 4 1
github.com/davidroman0O/gostage/workflow.go:709.30,710.41 1 1
github.com/davidroman0O/gostage/workflow.go:710.41,712.4 1 1
github.com/davidroman0O/gostage/workflow.go:714.2,714.15 1 1
github.com/davidroman0O/gostage/workflow.go:718.41,719.29 1 1
github.com/davidroman0O/gostage/workflow.go:719.29,721.3 1 1
github.com/davidroman0O/gostage/workflow.go:722.2,722.12 1 1
github.com/davidroman0O/gostage/workflow.go:726.41,727.28 1 1
github.com/davidroman0O/gostage/workflow.go:727.28,729.3 1 0
github.com/davidroman0O/gostage/workflow.go:730.2,730.38 1 1
